SF:lib/models/character.dart
DA:9,6
DA:14,0
DA:15,0
DA:16,0
DA:17,0
DA:21,0
DA:22,0
DA:23,0
DA:24,0
DA:34,0
DA:40,0
DA:41,0
DA:42,0
DA:43,0
DA:44,0
DA:48,0
DA:49,0
DA:50,0
DA:51,0
DA:52,0
DA:67,4
DA:77,4
DA:78,4
DA:81,0
DA:84,0
DA:87,0
DA:88,0
DA:89,0
DA:91,0
DA:95,0
DA:96,0
DA:97,0
DA:98,0
DA:99,0
DA:100,0
DA:101,0
DA:102,0
DA:103,0
DA:104,0
DA:108,0
DA:110,0
DA:111,0
DA:112,0
DA:113,0
DA:114,0
DA:120,0
DA:123,0
DA:125,0
DA:128,0
DA:131,0
DA:132,0
DA:133,0
DA:136,0
DA:137,0
DA:138,0
DA:148,0
DA:153,0
DA:154,0
DA:155,0
DA:156,0
DA:160,0
DA:161,0
DA:162,0
DA:163,0
DA:178,5
DA:188,4
DA:189,5
DA:190,5
DA:191,1
DA:193,0
DA:194,0
DA:195,0
DA:196,0
DA:197,0
DA:198,0
DA:199,0
DA:200,0
DA:201,0
DA:202,0
DA:206,0
DA:207,0
DA:208,0
DA:209,0
DA:210,0
DA:211,0
DA:216,0
DA:217,0
DA:218,0
DA:219,0
DA:220,0
DA:225,0
DA:226,0
DA:227,0
DA:228,0
DA:229,0
DA:230,0
DA:231,0
DA:232,0
DA:233,0
DA:240,0
DA:241,0
DA:245,0
DA:246,0
DA:247,0
DA:252,4
DA:254,4
DA:261,4
DA:262,4
DA:263,4
DA:265,4
DA:266,4
DA:274,4
DA:285,4
DA:290,4
DA:349,9
DA:388,4
DA:389,5
DA:390,8
DA:391,9
DA:393,9
DA:397,2
DA:398,3
DA:399,2
DA:400,3
DA:401,2
DA:402,3
DA:404,3
DA:406,1
DA:407,3
DA:408,2
DA:411,0
DA:412,0
DA:413,0
DA:414,0
DA:415,0
DA:416,0
DA:417,0
DA:418,0
DA:419,0
DA:420,0
DA:421,0
DA:422,0
DA:427,4
DA:428,8
DA:429,2
DA:433,9
DA:434,6
DA:438,4
DA:439,4
DA:440,1
DA:445,12
DA:449,0
DA:450,0
DA:451,0
DA:452,0
DA:453,0
DA:454,0
DA:455,0
DA:456,0
DA:463,0
DA:464,0
DA:465,0
DA:470,0
DA:471,0
DA:472,0
DA:473,0
DA:474,0
DA:475,0
DA:476,0
DA:477,0
DA:478,0
DA:479,0
DA:480,0
DA:481,0
DA:482,0
DA:483,0
DA:484,0
DA:485,0
DA:486,0
DA:487,0
DA:488,0
DA:489,0
DA:490,0
DA:491,0
DA:492,0
DA:493,0
DA:494,0
DA:495,0
DA:496,0
DA:497,0
DA:498,0
DA:499,0
DA:500,0
DA:501,0
DA:502,0
DA:503,0
DA:504,0
DA:505,0
DA:506,0
DA:507,0
DA:508,0
DA:509,0
DA:514,0
DA:515,0
DA:516,0
DA:519,0
DA:520,0
DA:521,0
DA:524,0
DA:525,0
DA:526,0
DA:530,9
DA:531,36
DA:532,0
DA:534,36
DA:535,0
DA:537,36
DA:538,0
DA:542,0
DA:543,0
DA:544,0
DA:545,0
DA:546,0
DA:547,0
DA:548,0
DA:549,0
DA:550,0
DA:551,0
DA:552,0
DA:553,0
DA:554,0
DA:555,0
DA:556,0
DA:557,0
DA:558,0
DA:559,0
DA:560,0
DA:561,0
DA:562,0
DA:563,0
DA:564,0
DA:565,0
DA:566,0
DA:567,0
DA:568,0
DA:569,0
DA:570,0
DA:571,0
DA:572,0
DA:573,0
DA:574,0
DA:575,0
DA:576,0
DA:577,0
DA:578,0
DA:579,0
DA:580,0
DA:581,0
DA:585,0
DA:586,0
DA:587,0
DA:588,0
DA:589,0
DA:590,0
DA:591,0
DA:592,0
DA:593,0
DA:594,0
DA:595,0
DA:596,0
DA:597,0
DA:598,0
DA:599,0
DA:600,0
DA:601,0
DA:602,0
DA:603,0
DA:604,0
DA:605,0
DA:606,0
DA:607,0
DA:608,0
DA:609,0
DA:610,0
DA:611,0
DA:612,0
DA:613,0
DA:614,0
DA:615,0
DA:616,0
DA:617,0
DA:618,0
DA:619,0
DA:620,0
DA:621,0
DA:622,0
DA:623,0
DA:624,0
DA:625,0
DA:626,0
DA:627,0
DA:628,0
DA:632,0
DA:634,0
DA:635,0
DA:638,0
DA:639,0
DA:642,0
DA:643,0
DA:644,0
DA:645,0
DA:647,0
DA:651,0
DA:652,0
DA:655,0
DA:656,0
DA:659,0
DA:660,0
DA:663,0
DA:664,0
DA:665,0
DA:670,3
DA:671,3
DA:675,3
DA:676,3
DA:677,3
DA:678,3
DA:679,3
DA:680,3
DA:685,1
DA:686,6
DA:690,9
LF:332
LH:59
end_of_record
SF:lib/models/clock.dart
DA:11,1
DA:13,1
DA:15,1
DA:17,1
DA:23,1
DA:25,1
DA:27,1
DA:29,1
DA:35,1
DA:37,1
DA:39,1
DA:41,1
DA:58,2
DA:67,2
DA:68,2
DA:71,4
DA:74,1
DA:75,3
DA:76,2
DA:79,1
DA:80,2
DA:86,1
DA:87,1
DA:88,1
DA:92,2
DA:93,2
DA:94,2
DA:95,2
DA:96,2
DA:97,2
DA:98,8
DA:99,0
DA:101,2
DA:102,2
DA:103,4
DA:104,0
DA:105,2
DA:106,2
DA:112,2
DA:113,2
DA:114,2
DA:115,2
DA:116,2
DA:117,4
DA:118,2
DA:119,4
DA:120,3
DA:125,0
DA:126,0
DA:127,0
DA:128,0
DA:129,0
DA:130,0
DA:131,0
DA:132,0
DA:133,0
LF:56
LH:45
end_of_record
SF:lib/models/location.dart
DA:13,2
DA:15,2
DA:17,2
DA:19,2
DA:21,2
DA:26,3
DA:28,3
DA:30,2
DA:32,2
DA:34,2
DA:39,2
DA:40,2
DA:41,2
DA:43,1
DA:45,1
DA:47,1
DA:69,14
DA:82,11
DA:83,14
DA:84,14
DA:86,2
DA:87,2
DA:88,2
DA:89,2
DA:90,2
DA:91,2
DA:92,2
DA:93,2
DA:94,2
DA:95,8
DA:96,2
DA:97,2
DA:98,2
DA:99,2
DA:103,2
DA:104,2
DA:105,2
DA:106,2
DA:107,2
DA:108,2
DA:109,2
DA:110,4
DA:111,4
DA:112,2
DA:113,4
DA:115,2
DA:116,4
DA:117,4
DA:118,4
DA:122,0
DA:124,0
DA:125,0
DA:128,1
DA:129,2
DA:132,1
DA:133,4
DA:134,2
DA:138,3
DA:139,6
DA:140,6
DA:144,3
DA:145,6
DA:148,3
DA:149,6
DA:152,2
DA:153,2
DA:154,2
DA:157,2
DA:158,2
LF:69
LH:66
end_of_record
SF:lib/models/journal_entry.dart
DA:22,4
DA:38,3
DA:39,4
DA:42,1
DA:43,1
DA:44,1
DA:45,1
DA:46,1
DA:47,1
DA:48,1
DA:49,1
DA:50,1
DA:51,1
DA:52,2
DA:53,1
DA:54,1
DA:55,1
DA:56,1
DA:57,1
DA:58,1
DA:62,1
DA:63,1
DA:64,1
DA:65,1
DA:66,1
DA:67,1
DA:68,1
DA:69,1
DA:70,2
DA:71,1
DA:72,2
DA:73,1
DA:74,1
DA:75,1
DA:76,1
DA:77,1
DA:78,1
DA:83,2
DA:84,4
DA:85,2
DA:87,18
DA:88,2
DA:89,2
DA:91,4
DA:106,4
DA:114,3
DA:115,4
DA:116,3
DA:118,0
DA:119,0
DA:120,0
DA:121,0
DA:122,0
DA:123,0
DA:124,0
DA:125,0
DA:126,0
DA:130,0
DA:131,0
DA:132,0
DA:133,0
DA:134,0
DA:135,0
DA:136,0
DA:137,0
DA:138,0
DA:139,0
DA:140,0
DA:141,0
DA:142,0
DA:143,0
DA:148,1
DA:149,3
DA:167,3
DA:180,2
DA:181,3
DA:182,3
DA:183,3
DA:184,3
DA:185,3
DA:186,3
DA:187,3
DA:188,3
DA:190,0
DA:191,0
DA:192,0
DA:193,0
DA:194,0
DA:195,0
DA:196,0
DA:197,0
DA:198,0
DA:199,0
DA:200,0
DA:201,0
DA:202,0
DA:203,0
DA:207,0
DA:209,0
DA:210,0
DA:213,0
DA:214,0
DA:215,0
DA:216,0
DA:217,0
DA:220,0
DA:221,0
DA:225,0
DA:226,0
DA:227,0
DA:228,0
DA:229,0
DA:232,0
DA:233,0
DA:236,0
DA:237,0
DA:238,0
DA:239,0
DA:240,0
DA:241,0
DA:242,0
DA:243,0
DA:246,0
DA:247,0
DA:248,0
DA:252,0
DA:253,0
DA:254,0
DA:257,0
DA:258,0
DA:259,0
DA:263,0
DA:264,0
DA:267,0
DA:268,0
DA:269,0
DA:273,0
DA:274,0
DA:278,0
DA:279,0
DA:281,0
DA:282,0
DA:284,0
DA:287,0
DA:291,0
DA:292,0
DA:294,0
DA:295,0
DA:297,0
DA:300,0
DA:304,2
DA:305,4
DA:308,1
DA:309,2
DA:312,0
DA:313,0
DA:314,0
DA:318,0
DA:319,0
DA:322,0
DA:323,0
DA:324,0
DA:328,0
DA:329,0
LF:164
LH:64
end_of_record
SF:lib/models/game.dart
DA:41,13
DA:65,4
DA:66,13
DA:67,13
DA:68,7
DA:69,8
DA:70,11
DA:71,13
DA:72,13
DA:75,2
DA:76,2
DA:77,4
DA:84,2
DA:85,2
DA:86,4
DA:93,2
DA:94,2
DA:95,3
DA:101,26
DA:102,26
DA:103,26
DA:110,7
DA:111,10
DA:115,10
DA:116,10
DA:121,20
DA:122,10
DA:125,1
DA:127,1
DA:128,1
DA:129,0
DA:130,0
DA:134,0
DA:135,0
DA:143,1
DA:144,2
DA:145,0
DA:146,0
DA:147,0
DA:153,1
DA:154,3
DA:155,1
DA:156,1
DA:157,1
DA:162,1
DA:163,1
DA:164,1
DA:165,2
DA:166,2
DA:167,3
DA:168,5
DA:169,3
DA:170,1
DA:171,1
DA:172,2
DA:173,3
DA:174,5
DA:175,1
DA:176,1
DA:177,1
DA:178,1
DA:179,1
DA:180,1
DA:181,1
DA:182,1
DA:185,1
DA:189,1
DA:190,0
DA:191,0
DA:196,0
DA:207,1
DA:208,1
DA:211,0
DA:212,0
DA:217,1
DA:220,1
DA:221,2
DA:222,2
DA:223,2
DA:228,0
DA:232,0
DA:234,0
DA:239,1
DA:240,1
DA:243,0
DA:244,0
DA:249,1
DA:252,1
DA:253,1
DA:254,0
DA:255,0
DA:260,0
DA:264,0
DA:266,0
DA:270,1
DA:271,1
DA:272,1
DA:273,1
DA:275,1
DA:276,3
DA:277,1
DA:279,1
DA:282,0
DA:283,0
DA:284,0
DA:285,0
DA:289,1
DA:292,1
DA:294,1
DA:295,3
DA:302,1
DA:303,1
DA:304,1
DA:305,2
DA:306,2
DA:309,1
DA:310,1
DA:311,1
DA:312,1
DA:313,1
DA:314,1
DA:315,1
DA:316,3
DA:317,1
DA:319,1
DA:321,1
DA:322,1
DA:323,1
DA:324,1
DA:325,1
DA:326,1
DA:327,1
DA:328,1
DA:329,2
DA:330,2
DA:331,2
DA:336,1
DA:337,1
DA:340,0
DA:341,0
DA:346,1
DA:349,1
DA:350,1
DA:351,0
DA:352,0
DA:357,0
DA:361,0
DA:363,0
DA:367,0
DA:369,0
DA:370,0
DA:374,0
DA:375,0
DA:379,0
DA:380,0
DA:384,0
DA:385,0
DA:389,0
DA:390,0
DA:395,0
DA:402,0
DA:405,0
DA:406,0
DA:408,0
DA:409,0
DA:410,0
DA:414,0
DA:415,0
DA:420,0
DA:426,0
DA:432,0
DA:434,0
DA:438,0
DA:444,0
DA:445,0
DA:448,1
DA:449,2
DA:450,1
DA:453,1
DA:454,2
DA:458,2
DA:459,2
DA:461,4
DA:462,6
DA:463,2
DA:466,4
DA:467,6
DA:468,2
DA:472,6
DA:473,1
DA:477,2
DA:478,2
DA:482,2
DA:483,2
DA:485,4
DA:486,6
DA:487,2
DA:490,4
DA:491,6
DA:492,2
DA:496,2
DA:497,2
DA:501,2
DA:502,2
DA:505,2
DA:506,2
DA:507,2
DA:508,4
DA:509,2
DA:510,4
DA:511,2
DA:512,2
DA:517,2
DA:518,4
DA:519,6
DA:520,2
DA:523,6
DA:524,4
DA:525,6
DA:526,4
DA:527,2
DA:530,0
DA:531,0
DA:537,0
DA:538,0
DA:544,1
DA:545,2
DA:549,1
DA:550,6
DA:554,1
DA:555,2
DA:559,0
DA:560,0
DA:564,0
DA:565,0
DA:568,0
DA:569,0
DA:571,0
DA:573,0
DA:580,0
DA:581,0
DA:585,0
DA:586,0
DA:590,0
DA:591,0
DA:595,0
DA:596,0
DA:600,0
DA:601,0
DA:602,0
DA:603,0
DA:608,0
DA:611,0
DA:612,0
DA:614,0
DA:615,0
DA:619,0
DA:620,0
DA:625,0
DA:626,0
DA:633,0
DA:634,0
DA:638,0
DA:639,0
DA:643,0
DA:644,0
DA:645,0
DA:646,0
DA:650,0
DA:651,0
DA:652,0
DA:653,0
DA:658,0
DA:661,0
DA:662,0
DA:664,0
DA:665,0
DA:669,0
DA:670,0
DA:675,0
DA:676,0
DA:683,0
DA:684,0
DA:688,0
DA:689,0
DA:690,0
DA:698,0
DA:699,0
DA:700,0
DA:701,0
DA:705,0
DA:709,0
DA:710,0
DA:714,0
DA:715,0
LF:295
LH:167
end_of_record
SF:lib/models/session.dart
DA:13,1
DA:20,0
DA:21,1
DA:22,1
DA:23,1
DA:25,0
DA:26,0
DA:27,0
DA:28,0
DA:29,0
DA:30,0
DA:31,0
DA:32,0
DA:36,0
DA:37,0
DA:38,0
DA:39,0
DA:40,0
DA:41,0
DA:42,0
DA:43,0
DA:44,0
DA:45,0
DA:49,0
DA:51,0
DA:52,0
DA:55,0
DA:56,0
DA:57,0
DA:60,0
DA:61,0
DA:62,0
DA:65,0
DA:66,0
DA:67,0
DA:71,0
DA:72,0
DA:73,0
LF:38
LH:4
end_of_record
SF:lib/models/quest.dart
DA:13,1
DA:15,1
DA:17,0
DA:19,0
DA:21,0
DA:23,0
DA:29,1
DA:31,1
DA:33,0
DA:35,0
DA:37,0
DA:39,0
DA:45,1
DA:47,1
DA:49,0
DA:51,0
DA:53,0
DA:55,0
DA:68,0
DA:70,0
DA:72,0
DA:74,0
DA:80,0
DA:82,0
DA:84,0
DA:86,0
DA:92,0
DA:94,0
DA:96,0
DA:98,0
DA:118,1
DA:131,1
DA:132,1
DA:133,1
DA:136,4
DA:139,2
DA:142,0
DA:143,0
DA:145,0
DA:146,0
DA:153,0
DA:156,0
DA:157,0
DA:158,0
DA:160,0
DA:162,0
DA:164,0
DA:166,0
DA:172,0
DA:174,0
DA:175,0
DA:177,0
DA:178,0
DA:179,0
DA:180,0
DA:181,0
DA:182,0
DA:183,0
DA:185,0
DA:186,0
DA:187,0
DA:188,0
DA:190,0
DA:191,0
DA:192,0
DA:193,0
DA:194,0
DA:195,0
DA:197,0
DA:198,0
DA:204,0
DA:205,0
DA:206,0
DA:207,0
DA:208,0
DA:209,0
DA:210,0
DA:211,0
DA:212,0
DA:213,0
DA:214,0
DA:215,0
DA:216,0
DA:221,0
DA:222,0
DA:223,0
DA:227,0
DA:228,0
DA:229,0
DA:233,0
DA:235,0
DA:239,0
DA:241,0
DA:245,0
DA:246,0
DA:247,0
DA:252,0
DA:253,0
DA:254,0
DA:259,0
DA:260,0
DA:261,0
DA:265,0
DA:266,0
DA:267,0
DA:271,0
DA:272,0
DA:273,0
DA:274,0
DA:275,0
DA:276,0
DA:277,0
DA:278,0
DA:279,0
DA:280,0
DA:281,0
DA:282,0
LF:117
LH:12
end_of_record
SF:lib/providers/game_provider.dart
DA:28,2
DA:29,2
DA:30,0
DA:31,2
DA:32,0
DA:35,0
DA:36,0
DA:43,1
DA:44,1
DA:47,5
DA:48,5
DA:52,1
DA:53,2
DA:55,0
DA:56,0
DA:59,0
DA:60,0
DA:62,0
DA:63,0
DA:64,0
DA:69,0
DA:70,0
DA:71,0
DA:79,0
DA:80,0
DA:81,0
DA:83,0
DA:85,0
DA:90,0
DA:91,0
DA:92,0
DA:101,0
DA:102,0
DA:103,0
DA:104,0
DA:107,0
DA:108,0
DA:109,0
DA:114,0
DA:115,0
DA:116,0
DA:123,0
DA:126,0
DA:128,0
DA:129,0
DA:130,0
DA:136,0
DA:137,0
DA:138,0
DA:146,0
DA:150,5
DA:151,5
DA:152,5
DA:153,5
DA:157,5
DA:160,3
DA:163,4
DA:164,3
DA:165,2
DA:168,0
DA:169,0
DA:171,0
DA:175,0
DA:179,2
DA:180,1
DA:187,2
DA:188,0
DA:189,0
DA:190,0
DA:195,0
DA:196,0
DA:197,0
DA:201,0
DA:210,2
DA:213,2
DA:214,0
DA:217,2
DA:218,0
DA:223,1
DA:224,0
DA:225,0
DA:226,0
DA:227,0
DA:228,0
DA:230,0
DA:231,0
DA:234,4
DA:235,0
DA:236,0
DA:237,0
DA:241,2
DA:242,2
DA:244,1
DA:245,3
DA:246,2
DA:250,1
DA:252,1
DA:257,1
DA:260,1
DA:263,5
DA:264,1
DA:265,4
DA:268,1
DA:269,0
DA:272,0
DA:273,0
DA:274,0
DA:279,0
DA:280,0
DA:285,0
DA:292,0
DA:293,0
DA:294,0
DA:300,1
DA:301,3
DA:302,2
DA:303,3
DA:307,1
DA:308,0
DA:309,0
DA:310,0
DA:316,0
DA:317,0
DA:321,0
DA:323,0
DA:328,1
DA:337,1
DA:347,2
DA:348,1
DA:349,1
DA:351,1
DA:354,1
DA:356,1
DA:362,0
DA:363,0
DA:365,0
DA:366,0
DA:369,0
DA:370,0
DA:371,0
DA:376,0
DA:377,0
DA:381,0
DA:385,0
DA:388,0
DA:391,0
DA:392,0
DA:396,0
DA:397,0
DA:399,0
DA:400,0
DA:403,0
DA:404,0
DA:405,0
DA:410,0
DA:411,0
DA:415,0
DA:419,0
DA:422,0
DA:426,0
DA:427,0
DA:431,1
DA:432,1
DA:435,1
DA:440,0
DA:442,0
DA:443,0
DA:446,0
DA:447,0
DA:448,0
DA:453,0
DA:457,0
DA:458,0
DA:459,0
DA:460,0
DA:462,0
DA:463,0
DA:465,0
DA:466,0
DA:470,0
DA:471,0
DA:478,0
DA:479,0
DA:486,0
DA:487,0
DA:492,0
DA:493,0
DA:494,0
DA:499,0
DA:508,0
DA:513,0
DA:514,0
DA:515,0
DA:519,0
DA:520,0
DA:522,0
DA:524,0
DA:525,0
DA:531,1
DA:540,1
DA:541,1
DA:544,1
DA:553,2
DA:558,3
DA:560,0
DA:561,0
DA:567,1
DA:568,1
DA:574,1
DA:575,1
DA:576,1
DA:580,2
DA:581,1
DA:582,1
DA:584,0
DA:588,0
DA:595,1
DA:596,1
DA:597,1
DA:601,2
DA:602,1
DA:603,1
DA:605,0
DA:609,0
DA:616,1
DA:617,1
DA:618,1
DA:622,3
DA:623,3
DA:624,2
DA:628,2
DA:629,3
DA:630,3
DA:631,0
DA:634,3
DA:635,0
DA:639,1
DA:640,1
DA:641,1
DA:643,2
DA:647,1
DA:654,1
DA:655,1
DA:656,1
DA:660,3
DA:661,3
DA:662,2
DA:665,1
DA:666,1
DA:667,1
DA:669,2
DA:673,1
DA:680,1
DA:681,1
DA:682,1
DA:686,3
DA:687,3
DA:688,2
DA:691,1
DA:692,1
DA:693,1
DA:695,2
DA:699,1
DA:706,1
DA:707,1
DA:708,1
DA:712,2
DA:714,0
DA:718,0
DA:720,0
DA:725,0
DA:726,0
DA:727,0
DA:730,0
DA:731,0
DA:733,0
DA:734,0
DA:740,0
DA:741,0
DA:742,0
DA:745,0
DA:747,0
DA:748,0
DA:752,0
DA:753,0
DA:754,0
DA:757,0
DA:759,0
DA:760,0
DA:766,0
DA:767,0
DA:768,0
DA:771,0
DA:772,0
DA:774,0
DA:775,0
DA:781,0
DA:787,0
DA:788,0
DA:792,0
DA:793,0
DA:794,0
DA:797,0
DA:804,0
DA:806,0
DA:807,0
DA:813,0
DA:814,0
DA:815,0
DA:818,0
DA:819,0
DA:820,0
DA:824,0
DA:825,0
DA:827,0
DA:828,0
DA:833,0
DA:834,0
DA:835,0
DA:838,0
DA:839,0
DA:840,0
DA:843,0
DA:845,0
DA:846,0
DA:850,0
DA:851,0
DA:852,0
DA:855,0
DA:856,0
DA:857,0
DA:860,0
DA:862,0
DA:863,0
DA:867,0
DA:868,0
DA:869,0
DA:872,0
DA:873,0
DA:874,0
DA:877,0
DA:879,0
DA:880,0
DA:884,0
DA:885,0
DA:886,0
DA:889,0
DA:890,0
DA:891,0
DA:894,0
DA:896,0
DA:897,0
DA:901,0
DA:902,0
DA:903,0
DA:906,0
DA:907,0
DA:908,0
DA:911,0
DA:913,0
DA:914,0
DA:918,0
DA:919,0
DA:920,0
DA:923,0
DA:924,0
DA:925,0
DA:928,0
DA:930,0
DA:931,0
DA:935,0
DA:936,0
DA:937,0
DA:940,0
DA:941,0
DA:942,0
DA:945,0
DA:948,0
DA:949,0
DA:950,0
DA:951,0
DA:954,0
DA:955,0
DA:956,0
DA:957,0
DA:961,0
DA:964,0
DA:965,0
DA:969,0
DA:970,0
DA:971,0
DA:974,0
DA:975,0
DA:976,0
DA:979,0
DA:982,0
DA:983,0
DA:984,0
DA:985,0
DA:988,0
DA:989,0
DA:990,0
DA:991,0
DA:995,0
DA:998,0
DA:999,0
DA:1003,0
DA:1004,0
DA:1005,0
DA:1008,0
DA:1010,0
DA:1011,0
DA:1017,0
DA:1018,0
DA:1019,0
DA:1022,0
DA:1024,0
DA:1025,0
DA:1029,0
DA:1030,0
DA:1031,0
DA:1034,0
DA:1036,0
DA:1037,0
DA:1041,0
DA:1042,0
DA:1043,0
DA:1046,0
DA:1048,0
DA:1049,0
DA:1053,0
DA:1054,0
DA:1055,0
DA:1058,0
DA:1060,0
DA:1061,0
DA:1067,0
DA:1068,0
DA:1069,0
DA:1072,0
DA:1074,0
DA:1075,0
DA:1079,0
DA:1080,0
DA:1081,0
DA:1084,0
DA:1086,0
DA:1087,0
DA:1091,0
DA:1092,0
DA:1093,0
DA:1096,0
DA:1097,0
DA:1101,0
DA:1103,0
DA:1104,0
DA:1108,0
DA:1109,0
DA:1113,0
DA:1114,0
DA:1115,0
DA:1118,0
DA:1119,0
DA:1123,0
DA:1126,0
DA:1127,0
DA:1131,0
DA:1132,0
DA:1136,0
DA:1137,0
DA:1138,0
DA:1141,0
DA:1142,0
DA:1146,0
DA:1148,0
DA:1149,0
DA:1153,0
DA:1154,0
DA:1158,0
DA:1159,0
DA:1160,0
DA:1163,0
DA:1164,0
DA:1168,0
DA:1170,0
DA:1171,0
DA:1175,0
DA:1176,0
DA:1180,0
DA:1181,0
DA:1185,0
DA:1189,0
DA:1191,0
DA:1192,0
DA:1194,0
DA:1195,0
DA:1196,0
DA:1197,0
DA:1198,0
DA:1200,0
DA:1205,0
DA:1209,0
DA:1210,0
DA:1211,0
DA:1213,0
DA:1214,0
DA:1215,0
DA:1221,0
DA:1226,0
DA:1227,0
DA:1231,0
DA:1232,0
DA:1235,0
DA:1241,0
DA:1243,0
DA:1244,0
DA:1250,0
DA:1251,0
DA:1252,0
DA:1255,0
DA:1256,0
DA:1257,0
DA:1260,0
DA:1262,0
DA:1263,0
DA:1267,0
DA:1268,0
DA:1269,0
DA:1272,0
DA:1273,0
DA:1274,0
DA:1278,0
DA:1281,0
DA:1282,0
DA:1283,0
DA:1284,0
DA:1285,0
DA:1289,0
DA:1290,0
DA:1294,0
DA:1295,0
DA:1296,0
DA:1299,0
DA:1300,0
DA:1301,0
DA:1304,0
DA:1306,0
DA:1307,0
DA:1311,0
DA:1312,0
DA:1313,0
DA:1316,0
DA:1318,0
DA:1319,0
DA:1323,0
DA:1324,0
DA:1325,0
DA:1328,0
DA:1331,0
DA:1332,0
DA:1333,0
DA:1335,0
DA:1342,0
DA:1343,0
DA:1345,0
DA:1346,0
DA:1347,0
DA:1348,0
DA:1349,0
DA:1353,0
DA:1354,0
DA:1358,0
DA:1359,0
DA:1360,0
DA:1363,0
DA:1364,0
DA:1365,0
DA:1369,0
DA:1372,0
DA:1373,0
DA:1374,0
DA:1375,0
DA:1378,0
DA:1379,0
DA:1380,0
DA:1381,0
DA:1382,0
DA:1386,0
DA:1389,0
DA:1390,0
DA:1396,0
DA:1398,0
DA:1399,0
DA:1408,0
DA:1410,0
DA:1414,0
DA:1415,0
DA:1422,0
DA:1423,0
DA:1427,0
DA:1429,0
DA:1435,0
DA:1440,0
DA:1442,0
DA:1451,0
DA:1452,0
DA:1458,0
DA:1459,0
DA:1463,0
DA:1466,0
DA:1467,0
DA:1469,0
DA:1470,0
DA:1471,0
DA:1472,0
DA:1473,0
DA:1474,0
DA:1475,0
DA:1476,0
DA:1477,0
DA:1480,0
DA:1481,0
DA:1483,0
DA:1484,0
DA:1486,0
DA:1489,0
DA:1490,0
DA:1492,0
DA:1493,0
DA:1495,0
DA:1499,0
DA:1500,0
DA:1502,0
DA:1504,0
DA:1505,0
DA:1509,0
DA:1511,0
LF:637
LH:116
end_of_record
SF:lib/providers/datasworn_provider.dart
DA:20,0
DA:21,0
DA:22,0
DA:23,0
DA:24,0
DA:25,0
DA:26,0
DA:27,0
DA:30,0
DA:31,0
DA:32,0
DA:34,0
DA:35,0
DA:36,0
DA:39,0
DA:40,0
DA:42,0
DA:43,0
DA:45,0
DA:46,0
DA:49,0
DA:50,0
DA:53,0
DA:54,0
DA:57,0
DA:58,0
DA:63,0
DA:64,0
DA:68,0
DA:69,0
DA:71,0
DA:72,0
DA:74,0
DA:76,0
DA:77,0
DA:79,0
DA:81,0
DA:82,0
DA:83,0
DA:84,0
DA:89,0
DA:90,0
DA:91,0
DA:93,0
DA:94,0
DA:99,0
DA:100,0
DA:102,0
DA:103,0
DA:106,0
DA:107,0
DA:110,0
DA:111,0
DA:114,0
DA:115,0
DA:120,0
DA:121,0
DA:126,0
DA:127,0
DA:129,0
DA:130,0
DA:132,0
DA:134,0
DA:141,0
DA:142,0
DA:144,0
DA:145,0
DA:146,0
DA:147,0
DA:149,0
DA:156,0
DA:157,0
DA:159,0
DA:160,0
DA:161,0
DA:162,0
DA:164,0
DA:171,0
DA:173,0
DA:180,0
DA:181,0
DA:182,0
DA:185,0
DA:187,0
DA:188,0
DA:195,0
DA:197,0
DA:198,0
DA:206,0
DA:211,0
DA:212,0
DA:213,0
DA:216,0
DA:218,0
DA:219,0
DA:221,0
DA:228,0
DA:230,0
DA:231,0
DA:233,0
DA:242,0
DA:244,0
DA:245,0
DA:247,0
DA:254,0
DA:256,0
DA:257,0
DA:259,0
DA:267,0
DA:272,0
DA:274,0
DA:281,0
DA:283,0
DA:290,0
DA:291,0
DA:292,0
DA:295,0
DA:296,0
DA:302,0
DA:303,0
DA:306,0
DA:307,0
DA:312,0
DA:314,0
DA:316,0
DA:318,0
DA:321,0
DA:322,0
DA:327,0
DA:328,0
DA:334,0
DA:335,0
DA:338,0
DA:339,0
DA:344,0
DA:345,0
DA:346,0
DA:347,0
DA:350,0
DA:351,0
DA:356,0
DA:357,0
DA:364,0
DA:366,0
DA:367,0
LF:145
LH:0
end_of_record
SF:lib/widgets/journal/journal_entry_viewer.dart
DA:21,3
DA:32,2
DA:34,2
DA:35,2
DA:38,0
DA:39,0
DA:44,2
DA:47,2
DA:49,2
DA:50,2
DA:51,2
DA:52,2
DA:53,2
DA:56,2
DA:59,5
DA:60,1
DA:61,1
DA:64,2
DA:65,1
DA:66,1
DA:74,5
DA:75,1
DA:76,1
DA:79,2
DA:80,1
DA:81,1
DA:89,5
DA:90,1
DA:91,1
DA:92,1
DA:95,2
DA:96,1
DA:97,1
DA:105,5
DA:106,1
DA:107,1
DA:108,1
DA:111,2
DA:112,1
DA:113,1
DA:121,4
DA:122,0
DA:128,0
DA:129,0
DA:134,0
DA:135,0
DA:136,0
DA:138,0
DA:146,2
DA:147,2
DA:148,2
DA:149,2
DA:150,4
DA:157,1
DA:160,1
DA:166,2
DA:168,2
DA:169,3
DA:170,2
DA:171,1
DA:176,2
DA:178,4
DA:179,1
DA:180,1
DA:184,1
DA:188,3
DA:189,2
DA:190,2
DA:191,1
DA:196,1
DA:197,1
DA:198,1
DA:199,2
DA:207,1
DA:218,1
DA:219,1
DA:220,0
DA:224,1
DA:225,1
DA:226,0
DA:230,1
DA:231,1
DA:232,0
DA:233,0
DA:234,0
DA:238,1
DA:239,1
DA:240,0
DA:244,1
DA:245,1
DA:246,0
DA:250,1
DA:253,1
DA:260,1
DA:263,0
DA:264,0
DA:265,0
DA:266,0
DA:270,0
DA:271,0
DA:272,0
DA:284,1
DA:287,1
DA:290,1
DA:292,2
DA:294,1
DA:297,0
DA:302,1
DA:304,1
DA:308,2
DA:309,0
DA:314,0
DA:316,0
DA:317,0
DA:318,0
DA:321,0
DA:324,0
DA:325,0
DA:326,0
DA:329,0
DA:332,0
DA:333,0
DA:334,0
DA:337,0
DA:340,0
DA:341,0
DA:342,0
DA:345,0
DA:348,0
DA:350,0
DA:356,0
DA:357,0
DA:359,0
DA:360,0
DA:361,0
DA:364,0
DA:365,0
DA:366,0
DA:370,0
DA:371,0
DA:372,0
DA:381,0
DA:382,0
DA:384,0
DA:385,0
DA:386,0
DA:387,0
DA:388,0
DA:391,0
DA:392,0
DA:398,0
DA:403,0
DA:409,0
DA:412,0
DA:413,0
DA:414,0
DA:415,0
DA:417,0
DA:423,0
DA:429,0
DA:430,0
DA:432,0
DA:439,0
DA:440,0
DA:441,0
DA:442,0
DA:452,0
DA:453,0
DA:455,0
DA:456,0
DA:457,0
DA:458,0
DA:459,0
DA:462,0
DA:463,0
DA:469,0
DA:473,0
DA:479,0
DA:480,0
DA:482,0
DA:489,0
DA:490,0
DA:491,0
DA:492,0
DA:502,0
DA:503,0
DA:505,0
DA:506,0
DA:507,0
DA:508,0
DA:509,0
DA:512,0
DA:513,0
DA:514,0
DA:515,0
DA:516,0
DA:517,0
DA:525,0
DA:526,0
DA:528,0
DA:530,0
DA:532,0
DA:535,0
DA:537,0
DA:541,0
DA:542,0
DA:545,0
DA:547,0
DA:550,0
DA:552,0
DA:553,0
DA:554,0
DA:556,0
DA:559,0
DA:569,0
DA:570,0
DA:571,0
DA:572,0
DA:582,0
DA:583,0
DA:585,0
DA:586,0
DA:587,0
DA:588,0
DA:589,0
DA:592,0
DA:593,0
DA:594,0
DA:598,0
DA:599,0
DA:601,0
DA:602,0
DA:608,0
DA:609,0
DA:610,0
DA:611,0
DA:621,1
DA:623,2
DA:624,5
DA:631,1
DA:633,2
DA:634,5
DA:641,1
DA:643,2
DA:644,7
DA:651,1
DA:653,2
DA:654,5
DA:662,1
DA:663,1
DA:666,1
DA:668,2
DA:669,1
DA:670,1
DA:671,1
DA:674,2
DA:676,0
DA:678,0
DA:679,0
DA:680,0
DA:681,0
DA:682,0
DA:683,0
DA:687,0
DA:690,0
DA:693,0
DA:696,0
DA:699,0
DA:702,0
DA:709,0
DA:715,0
DA:725,1
DA:726,2
DA:727,0
DA:728,2
DA:730,0
DA:732,0
DA:733,0
DA:734,0
DA:757,1
LF:280
LH:110
end_of_record
SF:lib/widgets/common/app_image_widget.dart
DA:31,1
DA:42,1
DA:45,1
DA:46,1
DA:52,1
DA:53,1
DA:64,1
DA:65,0
DA:66,0
DA:67,0
DA:73,0
DA:74,0
DA:75,0
DA:76,0
DA:77,0
DA:78,0
DA:79,0
DA:81,0
DA:83,0
DA:84,0
DA:87,0
DA:89,0
DA:90,0
DA:91,0
DA:92,0
DA:93,0
DA:94,0
DA:96,0
DA:98,0
DA:99,0
DA:104,0
DA:108,0
DA:109,0
DA:110,0
DA:111,0
DA:112,0
DA:113,0
DA:114,0
DA:121,0
DA:122,0
DA:123,0
DA:124,0
DA:125,0
DA:126,0
DA:127,0
DA:129,0
DA:131,0
DA:132,0
DA:138,0
DA:144,1
DA:145,0
DA:146,0
DA:147,0
DA:148,0
DA:149,0
DA:150,0
DA:152,0
DA:154,0
DA:155,0
DA:161,1
LF:60
LH:9
end_of_record
SF:lib/models/app_image.dart
DA:19,0
DA:28,0
DA:29,0
DA:30,0
DA:32,0
DA:33,0
DA:34,0
DA:35,0
DA:36,0
DA:37,0
DA:38,0
DA:39,0
DA:40,0
DA:44,0
DA:45,0
DA:46,0
DA:47,0
DA:48,0
DA:49,0
DA:50,0
DA:51,0
DA:52,0
DA:56,0
DA:58,0
DA:59,0
DA:60,0
LF:26
LH:0
end_of_record
SF:lib/utils/logging_service.dart
DA:10,63
DA:13,42
DA:16,21
DA:22,0
DA:25,0
DA:26,0
DA:39,1
DA:40,1
DA:44,20
DA:45,20
DA:46,120
DA:47,160
DA:48,20
DA:49,2
DA:50,2
DA:52,20
DA:56,20
DA:57,40
DA:61,20
DA:62,40
DA:63,20
DA:64,40
DA:65,60
DA:72,20
DA:78,1
DA:79,2
DA:80,1
DA:81,2
DA:82,3
DA:89,1
DA:95,2
DA:96,4
DA:97,2
DA:98,4
DA:99,6
DA:106,2
DA:112,2
DA:113,4
DA:114,2
DA:115,4
DA:116,6
DA:123,2
DA:129,0
DA:130,0
DA:131,0
DA:145,20
DA:156,0
DA:158,0
DA:159,0
DA:160,0
DA:161,0
DA:162,0
DA:164,0
DA:168,0
DA:169,0
LF:55
LH:40
end_of_record
SF:lib/models/move.dart
DA:9,0
DA:14,0
DA:15,0
DA:16,0
DA:17,0
DA:21,0
DA:22,0
DA:23,0
DA:24,0
DA:53,3
DA:69,2
DA:71,3
DA:72,3
DA:75,1
DA:76,1
DA:78,1
DA:79,0
DA:80,0
DA:81,0
DA:84,1
DA:85,1
DA:86,1
DA:87,1
DA:88,1
DA:89,1
DA:90,1
DA:92,1
DA:93,1
DA:94,1
DA:95,1
DA:96,0
DA:98,1
DA:99,0
DA:101,1
DA:102,1
DA:106,0
DA:107,0
DA:108,0
DA:109,0
DA:110,0
DA:111,0
DA:112,0
DA:113,0
DA:114,0
DA:115,0
DA:116,0
DA:117,0
DA:118,0
DA:119,0
DA:120,0
DA:121,0
DA:126,0
DA:127,0
DA:128,0
DA:129,0
DA:130,0
DA:131,0
DA:133,0
DA:136,0
DA:138,0
DA:139,0
DA:140,0
DA:141,0
DA:147,0
DA:148,0
DA:149,0
DA:150,0
DA:156,0
DA:157,0
DA:158,0
DA:164,0
DA:165,0
DA:166,0
DA:167,0
DA:173,0
DA:174,0
DA:175,0
DA:181,0
DA:182,0
DA:183,0
DA:184,0
DA:194,0
DA:196,0
DA:198,0
DA:200,0
DA:202,0
DA:210,0
DA:211,0
DA:214,0
DA:215,0
DA:216,0
DA:225,0
DA:226,0
DA:227,0
DA:228,0
DA:233,0
DA:234,0
DA:235,0
DA:236,0
DA:241,0
DA:249,0
DA:253,0
DA:254,0
DA:258,0
DA:259,0
DA:266,1
DA:267,1
DA:268,1
DA:271,2
DA:272,1
DA:273,3
DA:274,3
DA:278,1
DA:282,3
DA:285,0
DA:288,0
DA:289,0
DA:290,0
DA:297,0
DA:298,0
DA:300,0
DA:301,0
DA:304,0
DA:305,0
DA:316,0
DA:318,0
DA:321,0
DA:322,0
DA:323,0
DA:331,1
DA:332,1
DA:335,2
DA:336,2
DA:338,1
DA:339,2
DA:340,3
DA:341,3
DA:342,1
DA:346,4
DA:349,1
DA:350,2
DA:351,3
DA:352,3
DA:353,5
DA:362,1
DA:363,2
DA:364,3
DA:365,0
DA:366,1
DA:372,2
DA:373,2
DA:375,1
DA:383,1
DA:384,1
DA:385,1
DA:387,2
DA:388,3
DA:389,2
DA:394,1
DA:395,1
DA:402,1
DA:403,2
DA:404,2
DA:412,1
DA:413,2
DA:414,2
DA:422,1
DA:423,2
DA:424,2
DA:432,1
DA:433,2
DA:437,1
DA:438,2
DA:439,4
DA:440,1
LF:175
LH:75
end_of_record
SF:lib/models/move_oracle.dart
DA:13,1
DA:24,1
DA:26,1
DA:27,1
DA:28,2
DA:29,2
DA:30,2
DA:31,2
DA:32,1
DA:38,1
DA:40,1
DA:41,1
DA:42,1
DA:44,1
DA:45,1
DA:50,4
DA:53,1
DA:54,1
DA:55,1
DA:56,1
DA:57,1
DA:58,1
DA:59,1
DA:61,1
LF:24
LH:24
end_of_record
SF:lib/utils/oracle_markdown_parser.dart
DA:7,0
DA:10,0
DA:16,0
DA:17,0
DA:18,0
DA:20,0
DA:21,0
DA:29,0
DA:30,0
DA:32,0
DA:33,0
DA:44,0
DA:48,0
DA:49,0
DA:54,0
DA:56,0
DA:57,0
DA:60,0
DA:64,0
DA:65,0
DA:66,0
DA:67,0
DA:70,0
DA:71,0
DA:73,0
DA:74,0
LF:26
LH:0
end_of_record
SF:lib/models/oracle.dart
DA:9,10
DA:16,1
DA:17,1
DA:18,1
DA:19,1
DA:20,1
DA:21,1
DA:25,1
DA:26,1
DA:27,1
DA:28,1
DA:29,1
DA:30,1
DA:35,3
DA:36,12
DA:49,10
DA:59,1
DA:60,1
DA:61,1
DA:62,1
DA:63,1
DA:64,1
DA:65,3
DA:66,1
DA:67,1
DA:68,1
DA:69,1
DA:73,1
DA:74,1
DA:75,1
DA:76,1
DA:77,1
DA:78,5
DA:79,1
DA:80,1
DA:81,1
DA:86,2
DA:87,4
DA:88,2
DA:89,2
DA:92,1
DA:96,3
DA:97,3
DA:98,3
DA:99,3
DA:103,3
DA:104,3
DA:105,3
DA:109,3
DA:113,3
DA:114,1
DA:115,1
DA:116,2
DA:120,1
DA:121,1
DA:122,1
DA:123,1
DA:128,2
DA:135,7
DA:136,9
DA:137,3
DA:138,3
DA:139,3
DA:142,3
DA:143,3
DA:147,3
DA:148,3
DA:149,3
DA:153,3
DA:156,3
DA:157,3
DA:158,0
DA:159,0
DA:160,0
DA:162,0
DA:164,0
DA:166,0
DA:168,0
DA:174,3
DA:185,3
DA:186,15
DA:202,9
DA:211,1
DA:212,1
DA:213,1
DA:214,1
DA:215,1
DA:216,1
DA:217,3
DA:218,1
DA:219,1
DA:220,1
DA:221,1
DA:222,1
DA:223,0
DA:224,1
DA:228,1
DA:229,1
DA:230,1
DA:231,1
DA:232,1
DA:233,5
DA:234,3
DA:235,1
DA:240,2
DA:241,2
DA:242,2
DA:244,2
DA:245,2
DA:247,2
DA:248,6
DA:249,4
DA:250,4
DA:251,2
DA:253,0
DA:258,2
DA:268,1
DA:269,2
DA:270,2
DA:271,2
LF:120
LH:111
end_of_record
SF:lib/models/node_type_info.dart
DA:12,2
DA:17,0
DA:18,0
DA:20,1
DA:23,0
DA:26,0
DA:27,0
DA:33,0
DA:35,0
DA:37,0
DA:39,0
DA:41,0
DA:47,0
DA:54,0
DA:56,0
DA:63,0
DA:64,0
DA:66,0
DA:67,0
LF:19
LH:2
end_of_record
SF:lib/models/truth.dart
DA:11,0
DA:20,0
DA:21,0
DA:23,0
DA:24,0
DA:25,0
DA:26,0
DA:27,0
DA:28,0
DA:42,0
DA:49,0
DA:52,0
DA:53,0
DA:54,0
DA:55,0
DA:56,0
DA:57,0
DA:58,0
DA:59,0
LF:19
LH:0
end_of_record
SF:lib/utils/datasworn_parser.dart
DA:11,0
DA:12,0
DA:13,0
DA:17,0
DA:18,0
DA:20,0
DA:21,0
DA:22,0
DA:23,0
DA:24,0
DA:25,0
DA:26,0
DA:27,0
DA:38,1
DA:39,1
DA:40,1
DA:43,1
DA:44,3
DA:45,2
DA:47,3
DA:48,2
DA:51,1
DA:52,2
DA:53,1
DA:54,5
DA:58,1
DA:59,2
DA:60,1
DA:63,0
DA:65,0
DA:66,0
DA:68,0
DA:69,0
DA:70,0
DA:72,0
DA:78,1
DA:79,0
DA:80,0
DA:81,0
DA:82,0
DA:83,0
DA:85,1
DA:88,4
DA:95,0
DA:96,0
DA:97,0
DA:99,0
DA:100,0
DA:103,0
DA:104,0
DA:105,0
DA:107,0
DA:109,0
DA:110,0
DA:113,0
DA:114,0
DA:116,0
DA:117,0
DA:119,0
DA:120,0
DA:121,0
DA:122,0
DA:123,0
DA:125,0
DA:126,0
DA:127,0
DA:128,0
DA:134,0
DA:136,0
DA:137,0
DA:142,0
DA:143,0
DA:144,0
DA:146,0
DA:147,0
DA:150,0
DA:151,0
DA:152,0
DA:153,0
DA:164,1
DA:165,1
DA:166,1
DA:167,1
DA:169,2
DA:171,1
DA:174,1
DA:175,4
DA:177,3
DA:178,3
DA:180,2
DA:181,1
DA:182,5
DA:184,2
DA:185,1
DA:186,3
DA:192,3
DA:194,1
DA:198,1
DA:204,1
DA:205,1
DA:206,1
DA:207,1
DA:209,2
DA:211,1
DA:214,1
DA:215,4
DA:217,3
DA:218,3
DA:220,2
DA:221,1
DA:222,1
DA:223,3
DA:228,3
DA:230,1
DA:239,0
DA:240,0
DA:241,0
DA:242,0
DA:244,0
DA:246,0
DA:249,0
DA:250,0
DA:252,0
DA:253,0
DA:255,0
DA:256,0
DA:257,0
DA:259,0
DA:260,0
DA:261,0
DA:266,0
DA:269,0
DA:271,0
DA:275,0
DA:282,0
DA:283,0
DA:284,0
DA:285,0
DA:287,0
DA:289,0
DA:292,0
DA:293,0
DA:295,0
DA:296,0
DA:298,0
DA:299,0
DA:300,0
DA:301,0
DA:305,0
DA:308,0
DA:310,0
DA:319,0
DA:320,0
DA:321,0
DA:323,0
DA:324,0
DA:326,0
DA:329,0
DA:330,0
DA:331,0
DA:337,0
DA:338,0
DA:339,0
DA:340,0
DA:342,0
DA:343,0
DA:346,0
DA:347,0
DA:356,0
DA:357,0
DA:358,0
DA:359,0
DA:361,0
DA:362,0
DA:363,0
DA:367,0
DA:368,0
DA:372,0
DA:373,0
DA:384,0
DA:385,0
DA:386,0
DA:388,0
DA:389,0
DA:390,0
DA:392,0
DA:393,0
DA:395,0
DA:396,0
DA:397,0
DA:399,0
DA:400,0
DA:403,0
DA:409,0
DA:411,0
DA:418,0
DA:419,0
DA:420,0
DA:422,0
DA:423,0
DA:424,0
DA:426,0
DA:427,0
DA:428,0
DA:429,0
DA:430,0
DA:433,0
DA:436,0
DA:437,0
DA:439,0
DA:440,0
DA:441,0
DA:442,0
DA:443,0
DA:449,0
DA:450,0
DA:455,0
DA:456,0
DA:457,0
DA:459,0
DA:460,0
DA:461,0
DA:462,0
DA:463,0
DA:466,0
DA:469,0
DA:473,0
DA:474,0
DA:475,0
DA:484,0
DA:485,0
DA:486,0
DA:489,0
DA:490,0
DA:494,0
LF:235
LH:53
end_of_record
SF:lib/utils/dice_roller.dart
DA:4,12
DA:7,4
DA:8,12
DA:12,4
DA:13,12
DA:17,3
DA:18,6
DA:19,6
DA:20,0
DA:23,6
DA:24,6
DA:26,3
DA:31,2
DA:36,2
DA:39,6
DA:43,1
DA:44,4
DA:46,2
DA:47,6
DA:50,8
DA:51,8
DA:52,8
DA:65,4
DA:67,0
DA:68,0
DA:69,0
DA:72,0
DA:73,0
DA:78,2
DA:93,1
DA:94,1
DA:95,3
DA:98,4
DA:99,4
DA:100,4
DA:111,1
DA:120,3
DA:121,3
DA:122,7
DA:124,3
LF:40
LH:34
end_of_record
SF:lib/services/oracle_service.dart
DA:12,0
DA:13,0
DA:14,0
DA:17,0
DA:18,0
DA:23,0
DA:24,0
DA:25,0
DA:27,0
DA:32,0
DA:37,0
DA:38,0
DA:41,0
DA:42,0
DA:44,0
DA:45,0
DA:46,0
DA:47,0
DA:53,0
DA:54,0
DA:55,0
DA:65,0
DA:66,0
DA:67,0
DA:74,0
DA:75,0
DA:76,0
DA:80,0
DA:81,0
DA:88,0
DA:90,0
DA:95,0
DA:96,0
DA:97,0
DA:99,0
DA:102,0
DA:111,0
DA:116,0
DA:117,0
DA:118,0
DA:124,0
DA:129,0
DA:130,0
DA:132,0
DA:139,0
DA:146,0
DA:148,0
DA:150,0
DA:156,0
DA:158,0
DA:159,0
LF:51
LH:0
end_of_record
SF:lib/providers/image_manager_provider.dart
DA:18,0
DA:21,1
DA:23,1
DA:24,0
DA:27,0
DA:28,0
DA:32,0
DA:33,0
DA:34,0
DA:35,0
DA:38,0
DA:42,0
DA:44,0
DA:45,0
DA:53,0
DA:55,0
DA:56,0
DA:57,0
DA:59,0
DA:60,0
DA:68,0
DA:70,0
DA:73,0
DA:74,0
DA:75,0
DA:80,0
DA:81,0
DA:90,0
DA:92,0
DA:95,0
DA:96,0
DA:97,0
DA:102,0
DA:103,0
DA:112,0
DA:114,0
DA:116,0
DA:117,0
DA:118,0
DA:121,0
DA:122,0
DA:123,0
DA:131,0
DA:132,0
DA:141,0
DA:143,0
LF:46
LH:2
end_of_record
SF:lib/services/image_storage_service.dart
DA:14,0
DA:17,0
DA:21,0
DA:23,0
DA:24,0
DA:33,0
DA:37,0
DA:40,0
DA:41,0
DA:42,0
DA:46,0
DA:47,0
DA:56,0
DA:59,0
DA:60,0
DA:61,0
DA:62,0
DA:69,0
DA:73,0
DA:82,0
DA:87,0
DA:91,0
DA:94,0
DA:95,0
DA:98,0
DA:100,0
DA:107,0
DA:108,0
DA:117,0
DA:120,0
DA:126,0
DA:128,0
DA:134,0
DA:139,0
DA:143,0
DA:146,0
DA:149,0
DA:151,0
DA:157,0
DA:158,0
DA:167,0
DA:171,0
DA:175,0
DA:176,0
DA:177,0
DA:181,0
DA:182,0
DA:183,0
DA:184,0
DA:191,0
DA:192,0
LF:51
LH:0
end_of_record
SF:lib/utils/oracle_reference_processor.dart
DA:12,0
DA:26,1
DA:31,1
DA:35,1
DA:43,1
DA:63,1
DA:71,1
DA:72,0
DA:73,0
DA:80,1
DA:85,1
DA:86,1
DA:93,2
DA:95,2
DA:100,2
DA:102,0
DA:103,0
DA:110,2
DA:111,1
DA:115,2
DA:116,1
DA:123,0
DA:124,0
DA:131,1
DA:132,1
DA:134,1
DA:136,1
DA:139,1
DA:143,1
DA:148,1
DA:152,1
DA:156,1
DA:157,1
DA:158,1
DA:159,1
DA:160,1
DA:165,1
DA:168,1
DA:169,5
DA:170,5
DA:171,3
DA:175,1
DA:191,1
DA:196,1
DA:209,0
DA:214,0
DA:219,0
DA:221,0
DA:222,0
DA:229,0
DA:230,0
DA:234,0
DA:235,0
DA:242,0
DA:243,0
DA:250,0
DA:251,0
DA:252,0
DA:253,0
DA:254,0
DA:257,0
DA:259,0
LF:62
LH:37
end_of_record
SF:lib/utils/datasworn_link_parser.dart
DA:11,1
DA:19,6
DA:24,6
DA:30,1
DA:31,2
DA:32,2
DA:33,1
DA:35,1
DA:36,1
DA:38,2
DA:39,2
DA:42,3
DA:43,2
DA:44,2
DA:49,1
DA:54,1
DA:56,2
DA:57,2
DA:60,3
DA:61,2
DA:62,7
DA:71,2
DA:72,4
DA:73,4
DA:74,2
DA:81,1
DA:83,1
DA:84,1
DA:87,1
DA:92,1
DA:98,1
DA:100,0
DA:102,0
DA:103,0
DA:110,0
DA:111,0
DA:112,0
DA:113,0
DA:114,0
DA:115,0
DA:117,0
DA:118,0
DA:121,0
DA:123,0
DA:124,0
DA:133,0
DA:134,0
DA:135,0
DA:138,0
DA:140,0
DA:141,0
DA:148,1
DA:150,2
DA:151,2
DA:159,0
DA:161,0
DA:162,0
DA:169,0
DA:171,0
DA:173,0
DA:174,0
DA:182,0
DA:184,0
DA:185,0
DA:192,0
DA:193,0
DA:194,0
DA:195,0
DA:198,0
DA:200,0
DA:201,0
DA:208,0
DA:209,0
DA:210,0
DA:211,0
DA:212,0
DA:213,0
DA:215,0
DA:216,0
DA:219,0
DA:221,0
DA:222,0
DA:231,0
DA:232,0
DA:235,0
DA:242,1
DA:243,2
DA:244,1
DA:247,2
DA:248,1
DA:254,0
DA:255,0
DA:259,0
DA:260,0
DA:261,0
DA:264,0
DA:265,0
DA:266,0
DA:274,1
DA:275,2
DA:276,2
DA:277,5
DA:286,0
DA:287,0
DA:289,0
DA:291,0
DA:292,0
DA:297,0
DA:298,0
DA:307,0
DA:308,0
DA:311,0
DA:312,0
DA:313,0
DA:316,0
DA:317,0
DA:318,0
DA:319,0
DA:320,0
DA:321,0
DA:324,0
DA:330,0
DA:332,0
DA:333,0
DA:334,0
DA:335,0
DA:336,0
DA:339,0
DA:344,0
DA:345,0
DA:346,0
DA:347,0
DA:348,0
DA:357,0
DA:358,0
DA:360,0
DA:361,0
DA:362,0
DA:363,0
DA:375,0
DA:376,0
DA:378,0
DA:379,0
DA:384,0
DA:385,0
DA:386,0
DA:391,0
DA:392,0
DA:395,0
DA:396,0
DA:401,0
DA:402,0
DA:403,0
DA:404,0
DA:409,0
DA:410,0
DA:411,0
DA:412,0
DA:415,0
DA:420,0
DA:421,0
DA:422,0
DA:427,0
DA:428,0
DA:429,0
DA:436,0
DA:437,0
DA:438,0
DA:448,0
DA:454,0
DA:455,0
DA:456,0
DA:457,0
DA:459,0
DA:460,0
DA:465,0
DA:466,0
DA:467,0
DA:468,0
DA:469,0
DA:478,0
DA:486,0
DA:490,0
DA:491,0
DA:497,0
DA:499,0
DA:500,0
DA:507,0
DA:508,0
DA:509,0
DA:510,0
DA:512,0
DA:513,0
DA:522,0
DA:523,0
DA:524,0
DA:525,0
DA:527,0
DA:528,0
DA:539,0
DA:540,0
DA:541,0
DA:543,0
DA:544,0
DA:553,0
DA:554,0
DA:557,0
DA:564,0
DA:565,0
DA:569,0
DA:570,0
DA:571,0
LF:212
LH:43
end_of_record
SF:lib/widgets/journal/linked_items_summary.dart
DA:15,1
DA:24,1
DA:25,1
DA:31,1
DA:33,1
DA:34,1
DA:41,1
DA:42,7
DA:43,1
DA:46,1
DA:47,7
DA:48,1
DA:51,3
DA:54,3
DA:57,4
DA:58,4
DA:61,1
DA:62,1
DA:63,1
DA:64,1
DA:71,1
DA:73,1
DA:75,1
DA:77,1
DA:78,1
DA:79,2
DA:80,2
DA:83,1
DA:85,1
DA:86,1
DA:97,1
DA:98,18
DA:99,1
DA:100,3
DA:105,2
DA:112,1
DA:113,1
DA:115,1
DA:117,1
DA:119,2
DA:129,1
DA:132,2
DA:133,1
DA:134,1
DA:136,1
DA:137,1
DA:138,2
DA:139,4
DA:143,1
DA:148,2
DA:158,1
DA:161,2
DA:162,1
DA:164,2
DA:165,1
DA:166,2
DA:167,4
DA:171,1
DA:176,2
DA:186,2
DA:187,2
DA:190,2
DA:192,4
DA:193,1
DA:194,0
DA:195,0
DA:197,2
DA:200,1
DA:201,0
DA:205,1
DA:206,0
DA:209,3
DA:210,1
DA:211,2
DA:213,1
DA:214,0
DA:216,4
DA:217,0
DA:219,0
DA:222,0
DA:223,0
DA:226,0
DA:227,0
DA:228,0
DA:229,0
DA:231,0
DA:237,1
DA:239,1
DA:240,3
DA:243,1
DA:244,1
DA:245,3
DA:247,1
DA:248,0
DA:249,0
DA:251,0
DA:255,1
DA:257,1
DA:258,2
DA:259,3
DA:262,0
DA:270,2
DA:280,2
DA:281,1
DA:284,2
DA:285,1
DA:286,4
DA:289,1
DA:290,2
DA:291,3
DA:294,0
DA:302,4
DA:303,4
DA:313,0
DA:315,0
DA:317,0
DA:319,0
DA:320,0
DA:322,0
DA:323,0
DA:324,0
DA:327,0
DA:337,0
DA:338,0
DA:340,0
DA:341,0
DA:342,0
DA:345,0
DA:365,1
DA:366,1
DA:370,1
DA:374,1
DA:379,2
DA:381,2
DA:383,0
DA:385,0
DA:387,0
DA:394,1
DA:395,2
DA:396,0
DA:397,2
DA:399,0
DA:401,0
DA:402,0
DA:403,0
DA:411,0
DA:412,0
DA:414,0
DA:415,0
DA:416,0
DA:417,0
DA:418,0
DA:421,0
DA:423,0
DA:424,0
DA:425,0
DA:426,0
DA:427,0
DA:429,0
DA:432,0
DA:433,0
DA:435,0
DA:436,0
DA:438,0
DA:445,0
DA:455,0
DA:458,0
DA:459,0
DA:460,0
DA:461,0
DA:462,0
DA:463,0
DA:464,0
DA:465,0
DA:466,0
DA:467,0
DA:468,0
DA:469,0
DA:470,0
DA:471,0
DA:472,0
DA:477,0
DA:478,0
DA:479,0
DA:482,0
DA:488,0
DA:489,0
DA:490,0
DA:491,0
DA:499,0
DA:500,0
DA:501,0
DA:511,0
DA:512,0
DA:514,0
DA:515,0
DA:516,0
DA:517,0
DA:520,0
DA:521,0
DA:522,0
DA:523,0
DA:525,0
DA:529,0
DA:530,0
DA:531,0
LF:206
LH:103
end_of_record
SF:lib/widgets/journal/location_oracle_shortcuts.dart
DA:21,2
DA:28,1
DA:30,2
DA:34,1
DA:35,1
DA:36,1
DA:43,1
DA:44,2
DA:45,3
DA:46,1
DA:47,2
DA:48,1
DA:50,1
DA:54,1
DA:56,1
DA:59,2
DA:60,1
DA:62,3
DA:63,1
DA:64,1
DA:65,2
DA:68,1
DA:69,1
DA:72,1
DA:78,1
DA:83,1
DA:85,2
DA:88,1
DA:89,1
DA:95,1
DA:96,2
DA:100,1
DA:102,1
DA:105,1
LF:34
LH:34
end_of_record
SF:lib/providers/ai_image_provider.dart
DA:26,0
DA:34,0
DA:35,0
DA:40,0
DA:52,0
DA:53,0
DA:54,0
DA:55,0
DA:60,0
DA:61,0
DA:62,0
DA:63,0
DA:67,0
DA:68,0
DA:69,0
DA:70,0
DA:71,0
DA:74,0
DA:79,0
DA:80,0
DA:84,0
DA:85,0
DA:90,0
DA:91,0
DA:100,0
DA:101,0
DA:102,0
DA:104,0
DA:106,0
DA:110,0
DA:113,0
DA:114,0
DA:115,0
DA:118,0
DA:119,0
DA:120,0
DA:121,0
DA:124,0
DA:128,0
DA:129,0
DA:132,0
DA:138,0
DA:139,0
DA:144,0
DA:146,0
DA:147,0
DA:149,0
DA:150,0
DA:151,0
DA:153,0
DA:155,0
DA:159,0
DA:162,0
DA:166,0
DA:169,0
DA:170,0
DA:175,0
DA:177,0
DA:178,0
DA:182,0
DA:184,0
DA:185,0
DA:186,0
DA:193,0
DA:194,0
DA:195,0
DA:196,0
DA:199,0
DA:200,0
DA:202,0
DA:203,0
DA:206,0
DA:210,0
DA:211,0
DA:212,0
DA:213,0
DA:214,0
DA:215,0
DA:219,0
DA:221,0
DA:222,0
DA:226,0
DA:227,0
DA:236,0
DA:237,0
DA:252,0
DA:253,0
DA:254,0
DA:255,0
DA:256,0
DA:257,0
DA:258,0
DA:259,0
DA:261,0
DA:266,0
DA:267,0
DA:270,0
DA:273,0
DA:276,0
DA:277,0
DA:281,0
DA:282,0
DA:285,0
DA:286,0
DA:292,0
DA:293,0
DA:294,0
DA:296,0
DA:298,0
DA:302,0
DA:303,0
DA:306,0
DA:309,0
DA:310,0
DA:315,0
DA:316,0
DA:318,0
DA:320,0
DA:322,0
DA:326,0
DA:331,0
DA:332,0
DA:333,0
DA:335,0
DA:337,0
DA:341,0
DA:342,0
DA:345,0
DA:348,0
DA:351,0
DA:354,0
DA:357,0
DA:360,0
DA:363,0
DA:364,0
DA:367,0
DA:370,0
DA:371,0
DA:374,0
DA:377,0
DA:380,0
DA:381,0
DA:384,0
DA:389,0
DA:390,0
DA:391,0
DA:393,0
DA:395,0
DA:399,0
DA:401,0
DA:402,0
DA:403,0
DA:419,0
DA:431,0
DA:434,0
DA:435,0
DA:439,0
DA:440,0
DA:445,0
DA:448,0
DA:451,0
DA:453,0
DA:454,0
DA:455,0
DA:460,0
DA:462,0
DA:463,0
DA:464,0
DA:469,0
DA:476,0
DA:477,0
DA:478,0
DA:482,0
DA:483,0
DA:484,0
DA:488,0
DA:489,0
DA:490,0
DA:497,0
DA:498,0
DA:501,0
DA:502,0
DA:506,0
DA:512,0
DA:514,0
DA:518,0
DA:521,0
DA:522,0
DA:523,0
DA:526,0
DA:527,0
DA:531,0
DA:532,0
DA:536,0
DA:537,0
DA:541,0
DA:543,0
DA:546,0
DA:547,0
DA:550,0
DA:551,0
DA:552,0
DA:557,0
DA:558,0
DA:559,0
DA:560,0
DA:561,0
DA:565,0
DA:569,0
DA:572,0
DA:573,0
DA:578,0
DA:579,0
DA:581,0
DA:583,0
DA:584,0
DA:585,0
DA:586,0
DA:588,0
DA:592,0
DA:595,0
DA:599,0
DA:602,0
DA:606,0
DA:610,0
DA:616,0
DA:623,0
DA:624,0
DA:628,0
DA:629,0
DA:633,0
DA:634,0
DA:639,0
DA:642,0
DA:643,0
DA:645,0
DA:649,0
DA:650,0
DA:651,0
DA:656,0
DA:657,0
DA:658,0
DA:659,0
DA:660,0
DA:664,0
DA:668,0
DA:671,0
DA:672,0
DA:677,0
DA:678,0
DA:680,0
DA:682,0
DA:683,0
DA:684,0
DA:685,0
DA:687,0
DA:691,0
DA:694,0
DA:698,0
DA:701,0
DA:705,0
DA:709,0
DA:710,0
DA:715,0
DA:718,0
DA:719,0
DA:723,0
DA:725,0
DA:726,0
DA:727,0
DA:734,0
DA:735,0
DA:736,0
DA:737,0
DA:740,0
DA:741,0
DA:743,0
DA:744,0
DA:747,0
DA:751,0
DA:752,0
DA:753,0
DA:754,0
DA:755,0
DA:756,0
DA:757,0
DA:761,0
DA:763,0
DA:764,0
DA:768,0
DA:769,0
DA:777,0
DA:780,0
DA:783,0
DA:784,0
DA:785,0
DA:786,0
DA:789,0
DA:790,0
DA:792,0
DA:793,0
DA:796,0
DA:799,0
DA:800,0
DA:801,0
DA:802,0
DA:803,0
DA:804,0
DA:805,0
DA:809,0
DA:811,0
DA:812,0
DA:816,0
DA:817,0
DA:826,0
DA:827,0
DA:836,0
DA:838,0
DA:840,0
DA:842,0
DA:850,0
DA:852,0
DA:854,0
DA:856,0
LF:324
LH:0
end_of_record
SF:lib/providers/settings_provider.dart
DA:23,1
DA:24,1
DA:25,4
DA:29,0
DA:30,0
DA:31,0
DA:32,0
DA:33,0
DA:36,2
DA:37,0
DA:38,0
DA:39,0
DA:42,0
DA:44,2
DA:46,2
DA:47,2
DA:50,2
DA:51,2
DA:52,2
DA:53,2
DA:54,2
DA:55,2
DA:56,2
DA:59,2
DA:60,2
DA:61,2
DA:62,2
DA:65,1
DA:68,2
DA:69,2
DA:70,3
DA:71,0
DA:74,0
DA:79,3
DA:81,1
DA:84,0
DA:85,0
DA:87,0
DA:88,0
DA:89,0
DA:90,0
DA:93,0
DA:94,0
DA:96,0
DA:97,0
DA:98,0
DA:99,0
DA:102,0
DA:103,0
DA:105,0
DA:106,0
DA:107,0
DA:108,0
DA:111,0
DA:112,0
DA:114,0
DA:115,0
DA:116,0
DA:119,0
DA:121,0
DA:124,0
DA:125,0
DA:127,0
DA:128,0
DA:129,0
DA:130,0
DA:134,0
DA:135,0
DA:137,0
DA:138,0
DA:139,0
DA:140,0
DA:143,0
DA:144,0
DA:146,0
DA:147,0
DA:148,0
DA:149,0
DA:152,0
DA:153,0
DA:155,0
DA:156,0
DA:157,0
DA:158,0
DA:161,0
DA:162,0
DA:164,0
DA:165,0
DA:166,0
DA:167,0
DA:171,0
DA:172,0
DA:174,0
DA:175,0
DA:176,0
DA:177,0
DA:181,0
DA:183,0
DA:185,0
DA:187,0
DA:189,0
DA:196,1
DA:197,2
DA:200,1
DA:201,1
DA:204,1
DA:208,1
DA:209,1
DA:210,2
DA:215,1
DA:216,1
DA:219,1
DA:223,1
DA:224,1
DA:225,2
LF:115
LH:38
end_of_record
SF:lib/transitions/transition_type.dart
DA:14,0
DA:16,0
DA:18,0
DA:20,0
DA:22,0
DA:24,0
DA:26,0
DA:28,0
DA:34,0
DA:36,0
DA:38,0
DA:40,0
DA:42,0
DA:44,0
DA:46,0
DA:48,0
DA:54,0
DA:56,0
DA:58,0
DA:60,0
DA:62,0
DA:64,0
DA:66,0
DA:68,0
LF:24
LH:0
end_of_record
SF:lib/screens/animation_test_screen.dart
DA:10,7
DA:12,0
DA:13,0
DA:26,0
DA:27,0
DA:28,0
DA:29,0
DA:30,0
DA:35,0
DA:36,0
DA:37,0
DA:38,0
DA:39,0
DA:44,0
DA:45,0
DA:46,0
DA:47,0
DA:51,0
DA:52,0
DA:53,0
DA:54,0
DA:58,0
DA:59,0
DA:60,0
DA:61,0
DA:66,0
DA:67,0
DA:68,0
DA:69,0
DA:74,0
DA:75,0
DA:76,0
DA:80,0
DA:81,0
DA:82,0
DA:86,0
DA:88,0
DA:89,0
DA:94,0
DA:96,0
DA:97,0
DA:99,0
DA:100,0
DA:106,0
DA:108,0
DA:109,0
DA:111,0
DA:113,0
DA:114,0
DA:115,0
DA:116,0
DA:118,0
DA:120,0
DA:133,0
DA:135,0
DA:136,0
DA:138,0
DA:139,0
DA:140,0
DA:141,0
DA:149,0
DA:151,0
DA:152,0
DA:153,0
DA:154,0
DA:161,0
DA:162,0
DA:163,0
DA:174,0
DA:176,0
DA:177,0
DA:178,0
DA:179,0
DA:186,0
DA:187,0
DA:188,0
DA:200,0
DA:201,0
DA:203,0
DA:205,0
DA:206,0
DA:211,0
DA:212,0
DA:238,0
DA:239,0
DA:240,0
DA:241,0
DA:252,0
DA:253,0
DA:255,0
DA:256,0
DA:257,0
DA:259,0
DA:260,0
DA:261,0
DA:263,0
DA:267,0
DA:271,0
DA:272,0
DA:283,0
DA:284,0
DA:286,0
DA:287,0
DA:288,0
DA:290,0
DA:292,0
DA:301,0
DA:302,0
DA:305,0
DA:306,0
DA:307,0
DA:308,0
DA:309,0
DA:312,0
DA:313,0
DA:314,0
DA:324,0
DA:326,0
DA:327,0
DA:328,0
DA:329,0
DA:336,0
DA:337,0
DA:338,0
DA:349,0
DA:351,0
DA:352,0
DA:353,0
DA:354,0
DA:361,0
DA:362,0
DA:363,0
DA:375,0
DA:376,0
DA:378,0
DA:380,0
DA:381,0
DA:382,0
DA:386,0
DA:387,0
DA:388,0
DA:389,0
DA:400,0
DA:401,0
DA:402,0
DA:404,0
DA:405,0
DA:406,0
DA:407,0
DA:412,0
DA:414,0
DA:426,0
DA:431,0
DA:433,0
DA:434,0
DA:439,0
DA:441,0
DA:446,0
DA:450,0
DA:451,0
DA:453,0
DA:454,0
DA:457,0
DA:458,0
DA:467,0
DA:472,0
DA:474,0
DA:475,0
DA:480,0
DA:485,0
DA:487,0
DA:488,0
DA:501,0
DA:503,0
DA:504,0
DA:505,0
DA:506,0
LF:177
LH:1
end_of_record
SF:lib/widgets/progress_track_widget.dart
DA:17,1
DA:29,1
DA:30,1
DA:54,1
DA:56,1
DA:57,3
DA:58,3
DA:61,2
DA:64,2
DA:65,1
DA:70,2
DA:71,3
DA:72,3
DA:73,2
DA:74,1
DA:78,2
DA:79,3
DA:80,3
DA:81,2
DA:82,1
DA:87,2
DA:90,2
DA:91,1
DA:97,2
DA:100,2
DA:101,1
DA:107,0
DA:109,0
DA:112,0
DA:115,0
DA:117,0
DA:118,0
DA:119,0
DA:120,0
DA:125,0
DA:127,0
DA:128,0
DA:130,0
DA:133,0
DA:137,0
DA:138,0
DA:139,0
DA:140,0
DA:141,0
DA:145,0
DA:146,0
DA:147,0
DA:148,0
DA:149,0
DA:154,0
DA:155,0
DA:156,0
DA:158,0
DA:159,0
DA:162,0
DA:163,0
DA:169,1
DA:171,2
DA:172,1
DA:176,1
DA:177,2
DA:179,5
DA:180,0
DA:186,1
DA:188,3
DA:189,3
DA:190,3
DA:196,1
DA:199,1
DA:200,0
DA:202,0
DA:203,0
DA:205,0
DA:206,0
DA:207,0
DA:208,0
DA:210,0
DA:211,0
DA:212,0
DA:213,0
DA:214,0
DA:216,0
DA:217,0
DA:218,0
DA:220,0
DA:221,0
DA:223,0
DA:224,0
DA:226,0
DA:229,0
DA:230,0
DA:231,0
DA:232,0
DA:233,0
DA:234,0
DA:236,0
DA:239,0
DA:241,0
DA:242,0
DA:243,0
DA:246,0
DA:248,0
DA:249,0
DA:250,0
DA:259,0
DA:260,0
DA:261,0
DA:264,0
DA:276,0
DA:284,1
DA:286,1
DA:287,3
DA:289,1
DA:290,1
DA:291,1
DA:292,1
DA:294,1
DA:295,1
DA:296,1
DA:298,2
DA:299,2
DA:302,2
DA:303,5
DA:304,1
DA:308,1
DA:309,1
DA:310,1
DA:311,4
DA:314,2
DA:315,1
DA:317,0
DA:320,2
DA:321,2
DA:322,1
DA:325,1
DA:326,0
DA:329,0
DA:331,1
DA:332,1
DA:334,1
DA:335,2
DA:337,0
DA:340,0
DA:341,0
DA:342,0
DA:343,0
DA:344,0
DA:345,0
DA:347,0
DA:350,0
DA:352,0
DA:353,0
DA:354,0
DA:357,1
DA:360,0
DA:361,0
DA:362,0
DA:363,0
DA:364,0
DA:365,0
DA:369,2
DA:370,1
DA:371,1
DA:375,0
DA:378,0
DA:384,0
DA:385,0
DA:386,0
DA:388,0
DA:391,0
DA:393,0
DA:411,1
DA:412,1
DA:413,1
DA:414,7
LF:175
LH:75
end_of_record
SF:lib/widgets/animated_clock_widget.dart
DA:17,0
DA:29,0
DA:30,0
DA:48,0
DA:50,0
DA:51,0
DA:54,0
DA:57,0
DA:58,0
DA:63,0
DA:64,0
DA:65,0
DA:66,0
DA:67,0
DA:72,0
DA:75,0
DA:76,0
DA:84,0
DA:86,0
DA:89,0
DA:92,0
DA:94,0
DA:95,0
DA:100,0
DA:107,0
DA:108,0
DA:109,0
DA:110,0
DA:111,0
DA:116,0
DA:117,0
DA:120,0
DA:123,0
DA:124,0
DA:125,0
DA:127,0
DA:130,0
DA:131,0
DA:140,0
DA:142,0
DA:143,0
DA:146,0
DA:148,0
DA:151,0
DA:152,0
DA:154,0
DA:155,0
DA:157,0
DA:158,0
DA:159,0
DA:160,0
DA:162,0
DA:163,0
DA:165,0
DA:166,0
DA:167,0
DA:169,0
DA:173,0
DA:174,0
DA:176,0
DA:177,0
DA:181,0
DA:182,0
DA:183,0
DA:184,0
DA:185,0
DA:186,0
DA:187,0
DA:196,0
DA:204,0
DA:206,0
DA:207,0
DA:209,0
DA:210,0
DA:211,0
DA:212,0
DA:214,0
DA:215,0
DA:216,0
DA:218,0
DA:221,0
DA:222,0
DA:223,0
DA:227,0
DA:228,0
DA:232,0
DA:233,0
DA:234,0
DA:235,0
DA:237,0
DA:238,0
DA:240,0
DA:241,0
DA:242,0
DA:244,0
DA:248,0
DA:250,0
DA:251,0
DA:252,0
DA:254,0
DA:255,0
DA:259,0
DA:260,0
DA:261,0
DA:262,0
DA:263,0
DA:264,0
DA:265,0
DA:278,0
DA:279,0
DA:280,0
DA:281,0
LF:112
LH:0
end_of_record
SF:lib/screens/assets_screen.dart
DA:10,0
DA:12,0
DA:13,0
DA:19,0
DA:21,0
DA:22,0
DA:23,0
DA:24,0
DA:26,0
DA:32,0
DA:33,0
DA:35,0
DA:37,0
DA:42,0
DA:43,0
DA:44,0
DA:46,0
DA:48,0
DA:49,0
DA:50,0
DA:51,0
DA:58,0
DA:59,0
DA:60,0
DA:71,0
DA:72,0
DA:74,0
DA:82,0
DA:83,0
DA:84,0
DA:86,0
DA:88,0
DA:90,0
DA:92,0
DA:93,0
DA:95,0
DA:96,0
DA:106,0
DA:107,0
DA:109,0
DA:119,0
DA:120,0
DA:123,0
DA:124,0
DA:135,0
DA:136,0
DA:139,0
DA:148,0
DA:150,0
DA:151,0
DA:152,0
DA:159,0
DA:162,0
DA:164,0
DA:165,0
DA:166,0
DA:167,0
LF:57
LH:0
end_of_record
SF:lib/utils/asset_utils.dart
DA:4,1
DA:5,1
DA:8,2
DA:13,1
DA:14,1
DA:18,1
DA:19,1
DA:23,0
DA:24,0
DA:28,0
LF:10
LH:7
end_of_record
SF:lib/widgets/asset_content_widget.dart
DA:19,0
DA:28,0
DA:29,0
DA:30,0
DA:33,0
DA:35,0
DA:36,0
DA:38,0
DA:43,0
DA:45,0
DA:47,0
DA:56,0
DA:58,0
DA:61,0
DA:63,0
DA:64,0
DA:66,0
DA:68,0
DA:78,0
DA:79,0
DA:80,0
DA:81,0
DA:82,0
DA:84,0
DA:86,0
DA:87,0
DA:88,0
DA:94,0
DA:95,0
DA:96,0
DA:108,0
DA:109,0
DA:114,0
DA:117,0
DA:118,0
DA:119,0
DA:123,0
DA:124,0
DA:125,0
DA:128,0
DA:129,0
DA:137,0
DA:139,0
DA:142,0
DA:143,0
DA:145,0
DA:147,0
DA:157,0
DA:158,0
DA:161,0
DA:162,0
DA:163,0
DA:165,0
DA:167,0
DA:168,0
DA:170,0
DA:172,0
DA:179,0
DA:180,0
DA:182,0
DA:183,0
DA:197,0
DA:199,0
DA:207,0
DA:210,0
DA:211,0
DA:212,0
DA:213,0
DA:214,0
DA:216,0
DA:218,0
DA:219,0
DA:220,0
DA:226,0
DA:227,0
DA:228,0
DA:241,0
DA:244,0
DA:245,0
DA:246,0
DA:248,0
DA:250,0
DA:251,0
DA:252,0
DA:255,0
DA:256,0
DA:264,0
DA:265,0
DA:266,0
DA:268,0
DA:270,0
DA:271,0
DA:272,0
DA:273,0
DA:274,0
DA:278,0
DA:279,0
DA:281,0
DA:282,0
DA:283,0
DA:284,0
DA:285,0
DA:286,0
DA:289,0
DA:291,0
DA:292,0
DA:293,0
DA:294,0
DA:296,0
DA:307,0
DA:308,0
DA:309,0
DA:311,0
DA:312,0
DA:313,0
DA:315,0
DA:325,0
DA:326,0
DA:327,0
DA:329,0
DA:330,0
DA:331,0
DA:333,0
DA:341,0
DA:349,0
DA:355,0
DA:357,0
DA:359,0
DA:361,0
DA:362,0
DA:363,0
DA:364,0
DA:366,0
DA:370,0
DA:372,0
DA:373,0
DA:377,0
DA:381,0
DA:383,0
DA:384,0
DA:389,0
DA:390,0
DA:391,0
DA:392,0
DA:397,0
DA:398,0
LF:146
LH:0
end_of_record
SF:lib/screens/book_overview_screen.dart
DA:9,7
DA:11,0
DA:12,0
DA:19,0
DA:21,0
DA:22,0
DA:25,0
DA:27,0
DA:28,0
DA:29,0
DA:30,0
DA:33,0
DA:34,0
DA:35,0
DA:40,0
DA:42,0
DA:44,0
DA:45,0
DA:48,0
DA:50,0
DA:52,0
DA:53,0
DA:54,0
DA:55,0
DA:56,0
DA:57,0
DA:59,0
DA:60,0
DA:62,0
DA:64,0
DA:65,0
DA:67,0
DA:69,0
DA:70,0
DA:72,0
DA:74,0
DA:75,0
DA:77,0
DA:79,0
DA:80,0
DA:82,0
DA:84,0
DA:85,0
DA:87,0
DA:89,0
DA:90,0
DA:91,0
LF:47
LH:1
end_of_record
SF:lib/screens/changelog_screen.dart
DA:8,7
DA:10,0
DA:11,0
DA:21,0
DA:23,0
DA:24,0
DA:25,0
DA:28,0
DA:30,0
DA:31,0
DA:33,0
DA:35,0
DA:37,0
DA:38,0
DA:39,0
DA:44,0
DA:46,0
DA:47,0
DA:48,0
DA:49,0
DA:52,0
DA:53,0
DA:54,0
DA:55,0
DA:60,0
DA:62,0
DA:63,0
DA:66,0
DA:68,0
DA:69,0
DA:70,0
DA:74,0
DA:75,0
DA:76,0
DA:78,0
DA:85,0
DA:87,0
DA:90,0
DA:92,0
DA:99,0
DA:100,0
DA:102,0
DA:103,0
DA:104,0
DA:105,0
DA:107,0
DA:110,0
DA:112,0
DA:114,0
DA:116,0
DA:117,0
DA:119,0
DA:120,0
DA:121,0
DA:122,0
DA:123,0
DA:130,0
DA:136,0
DA:137,0
DA:138,0
DA:140,0
DA:142,0
DA:143,0
DA:151,0
DA:152,0
DA:153,0
DA:154,0
DA:160,0
DA:162,0
DA:164,0
DA:166,0
LF:71
LH:1
end_of_record
SF:lib/services/changelog_service.dart
DA:11,0
DA:17,0
DA:18,0
DA:19,0
DA:20,0
DA:21,0
DA:28,0
DA:35,0
DA:36,0
DA:39,0
DA:42,0
DA:43,0
DA:46,0
DA:47,0
DA:49,0
DA:50,0
DA:51,0
DA:53,0
DA:54,0
DA:56,0
DA:57,0
DA:58,0
DA:63,0
DA:64,0
DA:65,0
DA:67,0
DA:71,0
DA:72,0
DA:73,0
DA:77,0
DA:78,0
DA:81,0
DA:87,0
DA:88,0
DA:89,0
DA:92,0
DA:93,0
DA:97,0
LF:38
LH:0
end_of_record
SF:lib/screens/character_screen.dart
DA:12,1
DA:14,1
DA:15,1
DA:19,1
DA:21,1
DA:22,2
DA:23,2
DA:26,1
DA:29,1
DA:31,1
DA:32,1
DA:33,1
DA:41,1
DA:42,1
DA:44,1
DA:45,2
DA:46,1
DA:47,1
DA:49,1
DA:55,1
DA:58,0
DA:60,0
DA:61,0
DA:68,1
DA:69,1
DA:70,1
DA:72,1
DA:81,0
DA:82,0
LF:29
LH:24
end_of_record
SF:lib/widgets/character/character_list_view.dart
DA:14,1
DA:22,1
DA:25,3
DA:26,1
DA:28,1
DA:30,1
DA:36,3
DA:37,1
DA:38,3
DA:40,1
DA:42,1
DA:43,0
DA:44,0
DA:45,0
DA:46,0
DA:64,2
DA:65,5
DA:67,1
DA:70,0
DA:71,0
DA:73,0
DA:75,0
LF:22
LH:14
end_of_record
SF:lib/widgets/character/character_dialog.dart
DA:11,0
DA:12,0
DA:16,0
DA:17,0
DA:21,0
DA:22,0
LF:6
LH:0
end_of_record
SF:lib/screens/game_screen.dart
DA:20,0
DA:26,0
DA:27,0
DA:33,0
DA:35,0
DA:36,0
DA:39,0
DA:41,0
DA:42,0
DA:43,0
DA:44,0
DA:45,0
DA:49,0
DA:53,0
DA:54,0
DA:61,0
DA:63,0
DA:64,0
DA:65,0
DA:66,0
DA:67,0
DA:70,0
DA:71,0
DA:72,0
DA:73,0
DA:74,0
DA:77,0
DA:79,0
DA:82,0
DA:83,0
DA:84,0
DA:85,0
DA:89,0
DA:90,0
DA:96,0
DA:121,0
DA:122,0
DA:123,0
DA:124,0
DA:125,0
DA:126,0
DA:166,0
DA:167,0
DA:168,0
DA:169,0
DA:170,0
DA:171,0
DA:172,0
DA:173,0
DA:174,0
DA:175,0
DA:176,0
DA:177,0
DA:178,0
DA:179,0
DA:180,0
DA:181,0
DA:187,0
DA:193,0
DA:194,0
DA:195,0
DA:196,0
DA:197,0
DA:198,0
DA:203,0
DA:204,0
DA:205,0
DA:206,0
DA:207,0
LF:69
LH:0
end_of_record
SF:lib/transitions/navigation_service.dart
DA:11,0
DA:13,0
DA:15,0
DA:18,0
DA:24,0
DA:27,0
DA:28,0
DA:29,0
DA:30,0
DA:35,0
DA:40,0
DA:43,0
DA:44,0
DA:47,0
DA:50,0
DA:51,0
DA:56,0
DA:57,0
DA:62,0
DA:63,0
DA:68,0
DA:69,0
DA:74,0
DA:75,0
DA:80,0
DA:81,0
DA:82,0
DA:83,0
DA:89,0
DA:95,0
DA:97,0
DA:107,0
DA:113,0
DA:115,0
DA:125,0
DA:126,0
DA:131,0
DA:137,0
DA:138,0
DA:141,0
DA:142,0
DA:144,0
DA:151,0
DA:152,0
DA:159,0
DA:160,0
DA:161,0
DA:163,0
DA:164,0
DA:165,0
DA:167,0
DA:168,0
DA:169,0
DA:170,0
DA:171,0
DA:172,0
DA:173,0
DA:174,0
DA:185,0
DA:190,0
DA:191,0
DA:194,0
DA:195,0
DA:197,0
DA:200,0
DA:206,0
DA:209,0
DA:214,0
DA:216,0
DA:218,0
DA:219,0
DA:222,0
DA:223,0
DA:224,0
DA:225,0
DA:228,0
DA:230,0
DA:233,0
DA:235,0
DA:238,0
DA:252,0
DA:257,0
DA:258,0
DA:261,0
DA:262,0
DA:264,0
DA:267,0
DA:273,0
DA:276,0
DA:281,0
DA:282,0
DA:284,0
DA:285,0
DA:289,0
DA:290,0
DA:291,0
DA:299,0
DA:300,0
DA:310,0
DA:315,0
DA:316,0
DA:319,0
DA:320,0
DA:322,0
DA:325,0
DA:331,0
DA:334,0
DA:339,0
DA:340,0
DA:341,0
DA:342,0
DA:343,0
DA:345,0
DA:346,0
DA:347,0
DA:356,0
DA:357,0
DA:368,0
DA:373,0
DA:374,0
DA:377,0
DA:378,0
DA:380,0
DA:383,0
DA:388,0
DA:390,0
DA:392,0
DA:393,0
DA:395,0
DA:396,0
DA:398,0
DA:399,0
DA:400,0
DA:407,0
DA:408,0
DA:415,0
DA:416,0
DA:423,0
DA:424,0
DA:438,0
DA:439,0
DA:449,0
DA:454,0
DA:455,0
DA:458,0
DA:459,0
DA:461,0
DA:464,0
DA:470,0
DA:473,0
DA:478,0
DA:479,0
DA:480,0
DA:481,0
DA:482,0
DA:484,0
DA:485,0
DA:486,0
DA:494,0
DA:495,0
DA:508,0
DA:509,0
LF:162
LH:0
end_of_record
SF:lib/screens/journal_screen.dart
DA:18,0
DA:20,0
DA:21,0
DA:28,0
DA:30,0
DA:31,0
DA:34,0
DA:35,0
DA:39,0
DA:40,0
DA:41,0
DA:42,0
DA:47,0
DA:48,0
DA:49,0
DA:59,0
DA:60,0
DA:61,0
DA:62,0
DA:73,0
DA:75,0
DA:76,0
DA:77,0
DA:80,0
DA:81,0
DA:82,0
DA:83,0
DA:88,0
DA:89,0
DA:90,0
DA:91,0
DA:98,0
DA:100,0
DA:101,0
DA:102,0
DA:103,0
DA:112,0
DA:114,0
DA:115,0
DA:119,0
DA:120,0
DA:122,0
DA:124,0
DA:125,0
DA:126,0
DA:127,0
DA:130,0
DA:131,0
DA:133,0
DA:136,0
DA:137,0
DA:138,0
DA:139,0
DA:141,0
DA:144,0
DA:147,0
DA:148,0
DA:156,0
DA:161,0
DA:162,0
DA:164,0
DA:166,0
DA:168,0
DA:169,0
DA:172,0
DA:173,0
DA:177,0
DA:180,0
DA:181,0
DA:189,0
DA:190,0
DA:191,0
DA:192,0
DA:207,0
DA:208,0
DA:209,0
DA:210,0
DA:211,0
DA:212,0
DA:213,0
DA:214,0
DA:217,0
DA:218,0
DA:221,0
DA:224,0
DA:240,0
DA:245,0
DA:249,0
DA:250,0
DA:252,0
DA:253,0
DA:259,0
DA:260,0
DA:262,0
DA:263,0
DA:269,0
DA:271,0
DA:272,0
DA:274,0
DA:276,0
DA:277,0
DA:278,0
DA:280,0
DA:282,0
DA:287,0
DA:289,0
DA:291,0
DA:293,0
DA:295,0
DA:296,0
DA:297,0
DA:298,0
DA:299,0
DA:309,0
DA:310,0
DA:312,0
DA:313,0
DA:315,0
DA:317,0
DA:319,0
DA:325,0
DA:326,0
DA:329,0
DA:330,0
DA:331,0
DA:333,0
DA:335,0
DA:336,0
DA:337,0
DA:340,0
DA:341,0
DA:347,0
DA:348,0
DA:351,0
DA:352,0
DA:353,0
DA:355,0
DA:357,0
DA:358,0
DA:359,0
DA:362,0
DA:368,0
DA:370,0
DA:371,0
DA:372,0
DA:374,0
DA:385,0
DA:386,0
DA:389,0
DA:390,0
DA:392,0
DA:394,0
DA:395,0
DA:397,0
DA:405,0
DA:406,0
DA:407,0
DA:408,0
DA:412,0
DA:413,0
DA:414,0
DA:415,0
DA:416,0
DA:417,0
DA:420,0
DA:421,0
DA:439,0
DA:440,0
DA:444,0
DA:445,0
DA:447,0
DA:448,0
DA:455,0
DA:456,0
DA:457,0
DA:458,0
DA:470,0
DA:472,0
DA:473,0
DA:474,0
DA:475,0
DA:477,0
DA:480,0
DA:482,0
DA:487,0
DA:489,0
DA:494,0
DA:495,0
DA:497,0
DA:499,0
DA:505,0
DA:508,0
DA:509,0
DA:517,0
DA:518,0
DA:521,0
DA:522,0
DA:530,0
DA:531,0
DA:532,0
DA:533,0
DA:537,0
DA:538,0
DA:539,0
DA:540,0
DA:558,0
DA:565,0
DA:566,0
DA:567,0
DA:577,0
DA:585,0
DA:587,0
DA:588,0
DA:596,0
DA:598,0
DA:602,0
DA:603,0
DA:605,0
DA:606,0
DA:607,0
DA:608,0
DA:615,0
DA:616,0
DA:617,0
DA:618,0
DA:626,0
DA:631,0
DA:632,0
DA:635,0
DA:636,0
DA:639,0
DA:640,0
DA:641,0
DA:646,0
DA:647,0
DA:648,0
DA:650,0
DA:651,0
DA:653,0
DA:658,0
DA:662,0
DA:663,0
DA:664,0
DA:666,0
DA:667,0
DA:669,0
DA:674,0
DA:678,0
DA:679,0
DA:680,0
DA:681,0
DA:683,0
DA:687,0
DA:688,0
DA:689,0
DA:690,0
DA:692,0
DA:697,0
DA:698,0
DA:701,0
LF:260
LH:0
end_of_record
SF:lib/screens/location_screen.dart
DA:13,0
DA:15,0
DA:16,0
DA:26,0
DA:28,0
DA:29,0
DA:32,0
DA:34,0
DA:35,0
DA:36,0
DA:45,0
DA:48,0
DA:50,0
DA:51,0
DA:52,0
DA:53,0
DA:55,0
DA:57,0
DA:58,0
DA:60,0
DA:61,0
DA:62,0
DA:65,0
DA:66,0
DA:68,0
DA:69,0
DA:70,0
DA:71,0
DA:72,0
DA:79,0
DA:80,0
DA:81,0
DA:83,0
DA:84,0
DA:86,0
DA:87,0
DA:90,0
DA:99,0
DA:101,0
DA:102,0
DA:103,0
DA:104,0
DA:105,0
DA:106,0
DA:120,0
DA:123,0
DA:124,0
DA:130,0
DA:131,0
DA:143,0
DA:144,0
DA:146,0
DA:147,0
DA:148,0
DA:149,0
DA:153,0
DA:154,0
DA:157,0
DA:159,0
DA:160,0
DA:161,0
DA:171,0
DA:172,0
DA:173,0
DA:174,0
DA:176,0
DA:182,0
DA:185,0
DA:186,0
DA:192,0
DA:198,0
DA:199,0
DA:202,0
DA:203,0
DA:204,0
DA:205,0
DA:208,0
DA:210,0
DA:213,0
DA:216,0
DA:227,0
DA:235,0
DA:236,0
DA:238,0
DA:239,0
DA:244,0
DA:245,0
DA:247,0
DA:249,0
DA:250,0
DA:253,0
DA:255,0
DA:257,0
DA:261,0
DA:264,0
DA:268,0
DA:269,0
DA:271,0
DA:273,0
DA:274,0
DA:277,0
DA:278,0
DA:279,0
LF:103
LH:0
end_of_record
SF:lib/screens/quests_screen.dart
DA:19,0
DA:24,0
DA:25,0
DA:35,0
DA:37,0
DA:38,0
DA:41,0
DA:42,0
DA:43,0
DA:48,0
DA:49,0
DA:50,0
DA:51,0
DA:53,0
DA:54,0
DA:55,0
DA:58,0
DA:59,0
DA:60,0
DA:62,0
DA:63,0
DA:64,0
DA:70,0
DA:72,0
DA:73,0
DA:76,0
DA:78,0
DA:79,0
DA:80,0
DA:81,0
DA:82,0
DA:85,0
DA:88,0
DA:89,0
DA:93,0
DA:94,0
DA:95,0
DA:99,0
DA:100,0
DA:102,0
DA:103,0
DA:105,0
DA:106,0
DA:109,0
DA:110,0
DA:112,0
DA:113,0
DA:115,0
DA:116,0
DA:125,0
DA:126,0
DA:128,0
DA:129,0
DA:131,0
DA:137,0
DA:138,0
DA:139,0
DA:140,0
DA:141,0
DA:143,0
DA:144,0
DA:145,0
DA:146,0
DA:153,0
DA:154,0
DA:155,0
DA:156,0
DA:158,0
DA:161,0
DA:166,0
DA:169,0
DA:174,0
DA:177,0
DA:182,0
DA:183,0
DA:190,0
DA:191,0
DA:193,0
DA:195,0
DA:198,0
DA:201,0
DA:210,0
DA:214,0
DA:215,0
DA:223,0
DA:228,0
DA:229,0
DA:230,0
DA:231,0
DA:232,0
DA:233,0
DA:239,0
DA:240,0
DA:244,0
DA:245,0
DA:246,0
DA:247,0
DA:248,0
LF:98
LH:0
end_of_record
SF:lib/screens/moves_screen.dart
DA:13,0
DA:15,0
DA:16,0
DA:25,0
DA:27,0
DA:28,0
DA:29,0
DA:30,0
DA:35,0
DA:37,0
DA:38,0
DA:41,0
DA:43,0
DA:44,0
DA:45,0
DA:49,0
DA:51,0
DA:52,0
DA:53,0
DA:55,0
DA:56,0
DA:59,0
DA:62,0
DA:65,0
DA:66,0
DA:67,0
DA:68,0
DA:69,0
DA:70,0
DA:76,0
DA:77,0
DA:79,0
DA:81,0
DA:82,0
DA:83,0
DA:88,0
DA:89,0
DA:91,0
DA:92,0
DA:101,0
DA:102,0
DA:104,0
DA:109,0
DA:110,0
DA:111,0
DA:113,0
DA:115,0
DA:116,0
DA:117,0
DA:118,0
DA:119,0
DA:126,0
DA:127,0
DA:128,0
DA:129,0
DA:130,0
DA:131,0
DA:132,0
DA:135,0
DA:136,0
DA:137,0
DA:138,0
DA:140,0
DA:141,0
DA:143,0
DA:144,0
DA:145,0
DA:149,0
DA:150,0
DA:151,0
DA:152,0
DA:153,0
DA:154,0
DA:168,0
DA:169,0
DA:170,0
DA:173,0
DA:183,0
DA:186,0
DA:194,0
DA:195,0
DA:198,0
DA:199,0
DA:200,0
DA:201,0
DA:202,0
DA:203,0
DA:207,0
DA:208,0
DA:210,0
DA:211,0
DA:212,0
DA:214,0
DA:215,0
DA:216,0
DA:217,0
DA:219,0
DA:222,0
DA:223,0
DA:224,0
DA:225,0
DA:237,0
DA:240,0
DA:243,0
DA:244,0
DA:245,0
DA:246,0
DA:247,0
DA:248,0
DA:252,0
DA:261,0
DA:263,0
DA:268,0
DA:269,0
DA:272,0
DA:273,0
DA:274,0
DA:275,0
DA:279,0
DA:280,0
DA:282,0
DA:283,0
DA:284,0
DA:286,0
DA:287,0
DA:293,0
DA:295,0
DA:298,0
DA:299,0
DA:300,0
DA:301,0
DA:302,0
DA:303,0
DA:306,0
DA:307,0
DA:308,0
DA:312,0
DA:318,0
DA:319,0
DA:320,0
DA:321,0
DA:325,0
DA:326,0
DA:327,0
DA:328,0
DA:338,0
DA:340,0
DA:341,0
DA:342,0
DA:343,0
DA:345,0
DA:354,0
DA:356,0
DA:357,0
DA:358,0
DA:359,0
DA:361,0
LF:157
LH:0
end_of_record
SF:lib/screens/oracles_screen.dart
DA:13,1
DA:15,1
DA:17,1
DA:18,1
DA:19,3
DA:21,1
DA:23,1
DA:25,3
DA:36,0
DA:38,0
DA:39,0
DA:40,0
DA:41,0
DA:42,0
DA:48,0
DA:49,0
DA:51,0
DA:52,0
DA:59,0
DA:60,0
DA:64,4
DA:65,3
DA:66,0
DA:76,5
DA:78,1
DA:79,2
DA:80,1
DA:81,1
DA:82,1
DA:87,1
DA:90,0
DA:91,0
DA:94,0
DA:95,0
DA:97,0
DA:98,0
DA:107,3
DA:108,0
DA:119,0
DA:120,0
DA:121,0
DA:130,0
DA:131,0
DA:135,0
DA:136,0
DA:143,0
DA:144,0
DA:145,0
DA:155,0
DA:156,0
DA:157,0
DA:162,0
DA:164,0
DA:165,0
DA:168,0
DA:169,0
DA:179,1
DA:181,1
DA:183,1
DA:184,1
DA:185,3
DA:186,1
DA:187,1
DA:190,0
DA:191,0
DA:196,1
DA:198,1
DA:200,2
DA:201,1
DA:203,1
DA:204,2
DA:205,3
DA:210,1
DA:211,3
DA:215,1
DA:217,3
DA:218,1
DA:219,3
DA:221,1
DA:223,1
DA:225,1
DA:227,1
DA:228,1
DA:230,1
DA:232,1
DA:234,1
DA:235,3
DA:236,0
DA:237,3
DA:243,1
DA:244,1
DA:245,1
DA:252,1
DA:254,0
DA:256,0
DA:258,0
DA:259,0
DA:260,0
DA:266,0
DA:267,0
DA:289,0
DA:290,0
DA:291,0
DA:300,0
DA:301,0
DA:305,0
DA:306,0
DA:313,0
DA:314,0
DA:315,0
DA:325,0
DA:326,0
DA:327,0
DA:332,0
DA:334,0
DA:335,0
DA:338,0
DA:339,0
DA:347,0
DA:349,0
DA:350,0
DA:358,0
DA:360,0
DA:361,0
DA:362,0
DA:363,0
DA:368,0
DA:370,0
DA:371,0
DA:374,0
DA:376,0
DA:377,0
DA:378,0
DA:380,0
DA:387,0
DA:388,0
DA:389,0
DA:391,0
DA:392,0
DA:393,0
DA:394,0
DA:399,0
DA:400,0
DA:401,0
DA:402,0
DA:403,0
DA:404,0
DA:412,0
DA:413,0
DA:415,0
DA:417,0
DA:418,0
DA:419,0
DA:424,0
DA:425,0
DA:427,0
DA:428,0
DA:437,0
DA:438,0
DA:439,0
DA:440,0
DA:441,0
DA:442,0
DA:450,0
DA:451,0
DA:453,0
DA:454,0
DA:455,0
DA:458,0
DA:461,0
DA:462,0
DA:463,0
DA:467,0
DA:468,0
DA:469,0
DA:476,0
DA:478,0
DA:479,0
DA:480,0
DA:481,0
DA:482,0
DA:488,0
DA:491,0
DA:492,0
DA:494,0
DA:496,0
DA:505,0
DA:507,0
DA:509,0
DA:510,0
DA:520,0
DA:521,0
DA:527,0
DA:529,0
DA:531,0
DA:532,0
DA:533,0
DA:535,0
DA:537,0
DA:538,0
DA:539,0
DA:540,0
DA:544,0
DA:547,0
DA:548,0
DA:551,0
DA:552,0
DA:553,0
DA:562,0
DA:563,0
DA:564,0
DA:566,0
DA:568,0
DA:569,0
DA:570,0
DA:573,0
DA:574,0
DA:575,0
DA:580,0
DA:583,0
DA:584,0
DA:592,0
DA:594,0
DA:596,0
DA:597,0
DA:598,0
DA:599,0
DA:601,0
DA:603,0
DA:604,0
DA:605,0
DA:615,0
DA:616,0
DA:620,0
DA:622,0
DA:623,0
DA:624,0
DA:626,0
DA:628,0
DA:630,0
DA:632,0
DA:633,0
DA:635,0
DA:637,0
DA:639,0
DA:640,0
DA:641,0
DA:642,0
DA:648,0
DA:649,0
DA:650,0
DA:657,0
DA:659,0
DA:661,0
DA:663,0
DA:664,0
DA:665,0
DA:671,0
DA:672,0
DA:693,0
DA:694,0
DA:695,0
DA:704,0
DA:705,0
DA:709,0
DA:710,0
DA:717,0
DA:718,0
DA:719,0
DA:729,0
DA:730,0
DA:731,0
DA:736,0
DA:738,0
DA:739,0
DA:742,0
DA:743,0
LF:277
LH:52
end_of_record
SF:lib/screens/settings_screen.dart
DA:16,8
DA:18,0
DA:19,0
DA:25,0
DA:27,0
DA:28,0
DA:31,0
DA:33,0
DA:34,0
DA:36,0
DA:39,0
DA:40,0
DA:41,0
DA:47,0
DA:49,0
DA:50,0
DA:51,0
DA:52,0
DA:54,0
DA:55,0
DA:56,0
DA:57,0
DA:59,0
DA:60,0
DA:61,0
DA:66,0
DA:75,0
DA:77,0
DA:78,0
DA:87,0
DA:88,0
DA:89,0
DA:100,0
DA:101,0
DA:108,0
DA:110,0
DA:111,0
DA:114,0
DA:115,0
DA:116,0
DA:118,0
DA:125,0
DA:128,0
DA:129,0
DA:130,0
DA:133,0
DA:136,0
DA:137,0
DA:138,0
DA:141,0
DA:142,0
DA:143,0
DA:146,0
DA:150,0
DA:151,0
DA:153,0
DA:157,0
DA:158,0
DA:159,0
DA:160,0
DA:163,0
DA:164,0
DA:165,0
DA:170,0
DA:172,0
DA:173,0
DA:175,0
DA:177,0
DA:201,0
DA:204,0
DA:208,0
DA:211,0
DA:214,0
DA:215,0
DA:216,0
DA:221,0
DA:223,0
DA:225,0
DA:229,0
DA:230,0
DA:231,0
DA:232,0
DA:235,0
DA:236,0
DA:249,0
DA:251,0
DA:252,0
DA:254,0
DA:256,0
DA:259,0
DA:260,0
DA:262,0
DA:263,0
DA:264,0
DA:266,0
DA:270,0
DA:275,0
DA:277,0
DA:278,0
DA:287,0
DA:289,0
DA:292,0
DA:293,0
DA:294,0
DA:295,0
DA:308,0
DA:312,0
DA:313,0
DA:314,0
DA:323,0
DA:326,0
DA:330,0
DA:331,0
DA:333,0
DA:334,0
DA:335,0
DA:336,0
DA:338,0
DA:341,0
DA:342,0
DA:346,0
DA:350,0
DA:354,0
DA:361,0
DA:365,0
DA:366,0
DA:367,0
DA:374,0
DA:377,0
DA:381,0
DA:382,0
DA:384,0
DA:386,0
DA:390,0
DA:391,0
DA:392,0
DA:398,0
DA:401,0
DA:402,0
DA:403,0
DA:404,0
DA:410,0
DA:413,0
DA:414,0
DA:415,0
DA:416,0
DA:422,0
DA:426,0
DA:427,0
DA:428,0
LF:150
LH:1
end_of_record
SF:lib/screens/game_settings_screen.dart
DA:10,8
DA:12,0
DA:13,0
DA:17,0
DA:19,0
DA:20,0
DA:23,0
DA:24,0
DA:25,0
DA:33,0
DA:35,0
DA:37,0
DA:39,0
DA:43,0
DA:46,0
DA:53,0
DA:63,0
LF:17
LH:1
end_of_record
SF:lib/widgets/sentient_ai_settings_widget.dart
DA:44,0
DA:58,0
DA:59,0
DA:72,0
DA:74,0
DA:77,0
DA:80,0
DA:81,0
DA:82,0
DA:83,0
DA:84,0
DA:86,0
DA:90,0
DA:92,0
DA:93,0
DA:96,0
DA:99,0
DA:102,0
DA:103,0
DA:104,0
DA:106,0
DA:107,0
DA:108,0
DA:111,0
DA:116,0
DA:118,0
DA:122,0
DA:123,0
DA:124,0
DA:125,0
DA:128,0
DA:130,0
DA:134,0
DA:135,0
DA:136,0
DA:137,0
DA:139,0
DA:141,0
DA:142,0
DA:143,0
DA:149,0
DA:151,0
DA:153,0
DA:154,0
DA:160,0
DA:161,0
DA:162,0
DA:163,0
DA:164,0
DA:166,0
DA:168,0
DA:169,0
DA:170,0
DA:178,0
DA:180,0
DA:182,0
DA:184,0
DA:185,0
DA:186,0
DA:187,0
DA:189,0
DA:208,0
DA:210,0
DA:212,0
DA:213,0
DA:214,0
DA:215,0
DA:223,0
DA:224,0
DA:225,0
DA:226,0
DA:228,0
DA:230,0
DA:231,0
DA:232,0
DA:236,0
DA:241,0
DA:242,0
DA:243,0
DA:244,0
DA:250,0
DA:253,0
DA:254,0
DA:256,0
DA:257,0
DA:258,0
DA:260,0
DA:262,0
DA:263,0
DA:264,0
DA:277,0
DA:279,0
DA:280,0
DA:281,0
DA:291,0
DA:293,0
DA:295,0
DA:304,0
DA:306,0
DA:307,0
DA:315,0
DA:317,0
DA:318,0
DA:321,0
DA:324,0
DA:327,0
DA:331,0
DA:332,0
DA:333,0
DA:334,0
DA:336,0
DA:338,0
DA:339,0
DA:340,0
DA:352,0
DA:353,0
DA:367,0
DA:373,0
DA:376,0
DA:381,0
DA:382,0
DA:384,0
DA:385,0
DA:386,0
DA:387,0
DA:389,0
DA:391,0
DA:392,0
DA:393,0
DA:399,0
DA:403,0
DA:406,0
DA:407,0
DA:408,0
DA:416,0
DA:417,0
DA:418,0
DA:419,0
DA:420,0
DA:421,0
DA:422,0
LF:141
LH:0
end_of_record
SF:lib/widgets/ai_image_generation_settings_widget.dart
DA:36,0
DA:48,0
DA:49,0
DA:78,0
DA:80,0
DA:83,0
DA:86,0
DA:87,0
DA:88,0
DA:89,0
DA:90,0
DA:91,0
DA:94,0
DA:95,0
DA:96,0
DA:100,0
DA:101,0
DA:102,0
DA:104,0
DA:109,0
DA:111,0
DA:112,0
DA:113,0
DA:116,0
DA:118,0
DA:121,0
DA:122,0
DA:123,0
DA:124,0
DA:125,0
DA:126,0
DA:130,0
DA:131,0
DA:132,0
DA:133,0
DA:134,0
DA:135,0
DA:139,0
DA:142,0
DA:143,0
DA:144,0
DA:145,0
DA:146,0
DA:147,0
DA:148,0
DA:149,0
DA:151,0
DA:152,0
DA:153,0
DA:156,0
DA:161,0
DA:163,0
DA:167,0
DA:168,0
DA:169,0
DA:170,0
DA:173,0
DA:175,0
DA:179,0
DA:180,0
DA:181,0
DA:182,0
DA:184,0
DA:186,0
DA:187,0
DA:188,0
DA:194,0
DA:196,0
DA:198,0
DA:206,0
DA:207,0
DA:208,0
DA:209,0
DA:212,0
DA:213,0
DA:215,0
DA:218,0
DA:220,0
DA:223,0
DA:224,0
DA:226,0
DA:229,0
DA:230,0
DA:234,0
DA:239,0
DA:240,0
DA:241,0
DA:242,0
DA:250,0
DA:251,0
DA:253,0
DA:258,0
DA:259,0
DA:260,0
DA:263,0
DA:264,0
DA:265,0
DA:266,0
DA:268,0
DA:271,0
DA:273,0
DA:274,0
DA:279,0
DA:280,0
DA:281,0
DA:282,0
DA:284,0
DA:290,0
DA:292,0
DA:293,0
DA:294,0
DA:298,0
DA:299,0
DA:300,0
DA:302,0
DA:303,0
DA:304,0
DA:309,0
DA:310,0
DA:311,0
DA:312,0
DA:313,0
DA:314,0
DA:315,0
DA:316,0
DA:319,0
DA:320,0
DA:322,0
DA:323,0
DA:328,0
DA:331,0
DA:333,0
DA:334,0
DA:338,0
DA:339,0
DA:344,0
DA:347,0
DA:348,0
DA:357,0
DA:359,0
DA:360,0
DA:367,0
DA:368,0
DA:369,0
DA:370,0
DA:371,0
DA:372,0
DA:373,0
DA:376,0
DA:377,0
DA:379,0
DA:380,0
DA:385,0
DA:388,0
DA:390,0
DA:391,0
DA:395,0
DA:396,0
DA:402,0
DA:403,0
DA:411,0
DA:412,0
DA:414,0
DA:416,0
DA:417,0
DA:419,0
DA:420,0
DA:421,0
DA:422,0
DA:424,0
DA:451,0
DA:452,0
DA:454,0
DA:455,0
DA:456,0
DA:457,0
DA:459,0
DA:461,0
DA:475,0
DA:476,0
DA:477,0
DA:478,0
DA:479,0
DA:480,0
DA:481,0
DA:511,0
DA:512,0
DA:514,0
DA:515,0
DA:516,0
DA:517,0
DA:519,0
DA:521,0
DA:535,0
DA:536,0
DA:537,0
DA:538,0
DA:539,0
DA:540,0
DA:541,0
DA:592,0
DA:598,0
DA:599,0
DA:600,0
DA:601,0
DA:602,0
DA:603,0
DA:604,0
DA:605,0
LF:209
LH:0
end_of_record
SF:lib/widgets/truths_widget.dart
DA:17,0
DA:27,0
DA:28,0
DA:35,0
DA:37,0
DA:38,0
DA:41,0
DA:43,0
DA:45,0
DA:46,0
DA:48,0
DA:53,0
DA:56,0
DA:57,0
DA:58,0
DA:59,0
DA:62,0
DA:64,0
DA:66,0
DA:69,0
DA:72,0
DA:73,0
DA:80,0
DA:81,0
DA:83,0
DA:85,0
DA:87,0
DA:96,0
DA:98,0
DA:104,0
DA:105,0
DA:107,0
DA:108,0
DA:112,0
DA:113,0
DA:116,0
DA:121,0
DA:123,0
DA:125,0
DA:126,0
DA:127,0
DA:128,0
DA:129,0
DA:136,0
DA:139,0
DA:145,0
DA:147,0
DA:148,0
DA:154,0
DA:161,0
DA:162,0
DA:164,0
DA:171,0
DA:172,0
DA:173,0
DA:174,0
DA:182,0
DA:184,0
DA:186,0
DA:187,0
DA:188,0
DA:191,0
DA:192,0
DA:194,0
DA:196,0
DA:204,0
DA:205,0
DA:219,0
DA:220,0
DA:225,0
DA:226,0
DA:227,0
DA:231,0
DA:232,0
DA:233,0
DA:236,0
DA:237,0
DA:238,0
DA:243,0
DA:244,0
DA:245,0
DA:246,0
DA:251,0
DA:252,0
DA:253,0
DA:254,0
DA:259,0
DA:265,0
DA:266,0
DA:271,0
DA:272,0
LF:91
LH:0
end_of_record
SF:lib/screens/journal_entry_screen.dart
DA:28,7
DA:32,7
DA:36,7
DA:44,9
DA:51,1
DA:52,1
DA:67,0
DA:68,0
DA:69,0
DA:82,1
DA:84,1
DA:85,3
DA:88,2
DA:89,1
DA:90,1
DA:91,1
DA:92,1
DA:93,1
DA:97,2
DA:99,3
DA:100,1
DA:104,1
DA:106,1
DA:107,1
DA:111,0
DA:112,0
DA:113,0
DA:115,0
DA:118,0
DA:126,0
DA:129,0
DA:132,0
DA:133,0
DA:134,0
DA:143,0
DA:144,0
DA:146,0
DA:147,0
DA:148,0
DA:158,0
DA:159,0
DA:160,0
DA:162,0
DA:165,0
DA:173,0
DA:176,0
DA:179,0
DA:180,0
DA:181,0
DA:190,0
DA:191,0
DA:193,0
DA:194,0
DA:195,0
DA:204,0
DA:206,0
DA:209,0
DA:210,0
DA:211,0
DA:226,0
DA:228,0
DA:233,0
DA:235,0
DA:237,0
DA:241,0
DA:242,0
DA:245,0
DA:249,0
DA:251,0
DA:252,0
DA:256,0
DA:257,0
DA:260,0
DA:261,0
DA:264,0
DA:265,0
DA:268,0
DA:271,0
DA:272,0
DA:274,0
DA:275,0
DA:277,0
DA:280,0
DA:281,0
DA:282,0
DA:283,0
DA:284,0
DA:285,0
DA:288,0
DA:290,0
DA:291,0
DA:295,0
DA:296,0
DA:300,0
DA:301,0
DA:304,0
DA:305,0
DA:308,0
DA:309,0
DA:312,0
DA:315,0
DA:316,0
DA:321,0
DA:325,0
DA:328,0
DA:329,0
DA:332,0
DA:333,0
DA:339,1
DA:340,2
DA:341,2
DA:342,1
DA:346,2
DA:347,5
DA:350,2
DA:351,2
DA:352,2
DA:353,3
DA:354,3
DA:355,3
DA:356,3
DA:357,3
DA:360,2
DA:361,1
DA:362,1
DA:363,1
DA:364,1
DA:365,1
DA:369,3
DA:373,0
DA:374,0
DA:375,0
DA:376,0
DA:384,1
DA:385,2
DA:386,0
DA:395,2
DA:398,2
DA:400,4
DA:403,3
DA:404,5
DA:407,2
DA:408,2
DA:409,2
DA:410,2
DA:411,2
DA:412,2
DA:415,1
DA:417,2
DA:418,1
DA:421,3
DA:427,0
DA:429,0
DA:430,0
DA:434,0
DA:435,0
DA:438,0
DA:439,0
DA:442,0
DA:443,0
DA:446,0
DA:449,0
DA:450,0
DA:452,0
DA:453,0
DA:457,0
DA:458,0
DA:462,0
DA:465,0
DA:466,0
DA:467,0
DA:468,0
DA:469,0
DA:470,0
DA:473,0
DA:475,0
DA:476,0
DA:477,0
DA:481,0
DA:482,0
DA:486,0
DA:487,0
DA:488,0
DA:495,0
DA:496,0
DA:498,0
DA:499,0
DA:500,0
DA:501,0
DA:502,0
DA:505,0
DA:506,0
DA:507,0
DA:508,0
DA:509,0
DA:510,0
DA:518,0
DA:519,0
DA:521,0
DA:523,0
DA:525,0
DA:528,0
DA:530,0
DA:534,0
DA:535,0
DA:538,0
DA:540,0
DA:543,0
DA:545,0
DA:546,0
DA:547,0
DA:549,0
DA:554,0
DA:564,0
DA:572,0
DA:573,0
DA:574,0
DA:576,0
DA:577,0
DA:585,0
DA:586,0
DA:587,0
DA:588,0
DA:598,0
DA:599,0
DA:601,0
DA:602,0
DA:603,0
DA:604,0
DA:605,0
DA:608,0
DA:609,0
DA:610,0
DA:614,0
DA:615,0
DA:617,0
DA:618,0
DA:624,0
DA:625,0
DA:626,0
DA:627,0
DA:637,0
DA:638,0
DA:639,0
DA:641,0
DA:643,0
DA:650,0
DA:651,0
DA:653,0
DA:654,0
DA:655,0
DA:656,0
DA:657,0
DA:660,0
DA:661,0
DA:667,0
DA:672,0
DA:678,0
DA:681,0
DA:682,0
DA:683,0
DA:684,0
DA:686,0
DA:692,0
DA:698,0
DA:699,0
DA:701,0
DA:708,0
DA:709,0
DA:710,0
DA:711,0
DA:721,0
DA:722,0
DA:724,0
DA:725,0
DA:726,0
DA:727,0
DA:728,0
DA:731,0
DA:732,0
DA:738,0
DA:742,0
DA:748,0
DA:749,0
DA:751,0
DA:758,0
DA:759,0
DA:760,0
DA:761,0
DA:771,0
DA:772,0
DA:773,0
DA:774,0
DA:775,0
DA:778,0
DA:779,0
DA:780,0
DA:781,0
DA:783,0
DA:784,0
DA:785,0
DA:786,0
DA:793,0
DA:794,0
DA:797,0
DA:799,0
DA:803,0
DA:812,0
DA:814,0
DA:818,0
DA:827,0
DA:828,0
DA:830,0
DA:831,0
DA:832,0
DA:835,0
DA:837,0
DA:838,0
DA:842,0
DA:846,0
DA:855,0
DA:856,0
DA:859,0
DA:862,0
DA:866,0
DA:875,0
DA:877,0
DA:878,0
DA:879,0
DA:882,0
DA:883,0
DA:888,0
DA:891,0
DA:892,0
DA:893,0
DA:894,0
DA:900,0
DA:901,0
DA:907,0
DA:908,0
DA:909,0
DA:911,0
DA:914,0
DA:915,0
DA:919,0
DA:920,0
DA:923,0
DA:924,0
DA:925,0
DA:932,0
DA:933,0
DA:934,0
DA:935,0
DA:944,0
DA:945,0
DA:947,0
DA:948,0
DA:953,0
DA:955,0
DA:956,0
DA:958,0
DA:959,0
DA:961,0
DA:962,0
DA:963,0
DA:964,0
DA:965,0
DA:974,0
DA:977,0
DA:982,0
DA:983,0
DA:984,0
DA:985,0
DA:995,0
DA:998,0
DA:1000,0
DA:1010,0
DA:1011,0
DA:1012,0
DA:1013,0
DA:1017,0
DA:1018,0
DA:1020,0
DA:1021,0
DA:1024,0
DA:1025,0
DA:1026,0
DA:1027,0
DA:1028,0
DA:1031,0
DA:1032,0
DA:1035,0
DA:1036,0
DA:1040,0
DA:1056,0
DA:1057,0
DA:1060,0
DA:1063,0
DA:1066,0
DA:1068,0
DA:1069,0
DA:1073,0
DA:1074,0
DA:1076,0
DA:1077,0
DA:1081,0
DA:1082,0
DA:1083,0
DA:1087,0
DA:1088,0
DA:1092,0
DA:1100,0
DA:1102,0
DA:1103,0
DA:1112,0
DA:1114,0
DA:1115,0
DA:1116,0
DA:1119,0
DA:1120,0
DA:1123,0
DA:1124,0
DA:1128,0
DA:1134,0
DA:1136,0
DA:1137,0
DA:1147,0
DA:1149,0
DA:1150,0
DA:1151,0
DA:1154,0
DA:1155,0
DA:1158,0
DA:1159,0
DA:1163,0
DA:1171,0
DA:1173,0
DA:1174,0
DA:1183,0
DA:1186,0
DA:1188,0
DA:1191,0
DA:1192,0
DA:1195,0
DA:1196,0
DA:1197,0
DA:1198,0
DA:1199,0
DA:1200,0
DA:1203,0
DA:1204,0
DA:1206,0
DA:1207,0
DA:1211,0
DA:1212,0
DA:1215,0
DA:1216,0
DA:1219,0
DA:1220,0
DA:1223,0
DA:1226,0
DA:1227,0
DA:1230,0
DA:1233,0
DA:1234,0
DA:1235,0
DA:1236,0
DA:1237,0
DA:1238,0
DA:1241,0
DA:1243,0
DA:1244,0
DA:1249,0
DA:1250,0
DA:1251,0
DA:1252,0
DA:1253,0
DA:1254,0
DA:1255,0
DA:1256,0
DA:1257,0
DA:1260,0
DA:1263,0
DA:1264,0
DA:1265,0
DA:1266,0
DA:1267,0
DA:1268,0
DA:1273,0
DA:1281,0
DA:1284,0
DA:1285,0
DA:1286,0
DA:1293,0
DA:1294,0
DA:1295,0
DA:1297,0
DA:1298,0
DA:1308,0
DA:1311,0
DA:1315,1
DA:1317,2
DA:1319,1
DA:1320,1
DA:1331,1
DA:1333,1
DA:1334,1
DA:1336,1
DA:1338,1
DA:1341,1
DA:1342,1
DA:1343,0
DA:1344,0
DA:1348,1
DA:1349,0
DA:1350,0
DA:1354,1
DA:1355,0
DA:1356,0
DA:1357,0
DA:1363,1
DA:1364,1
DA:1365,1
DA:1366,1
DA:1371,1
DA:1372,3
DA:1373,2
DA:1374,1
DA:1376,1
DA:1377,0
DA:1380,0
DA:1382,1
DA:1383,1
DA:1386,1
DA:1389,1
DA:1392,1
DA:1393,2
DA:1394,1
DA:1400,1
DA:1401,1
DA:1403,1
DA:1404,1
DA:1406,1
DA:1407,1
DA:1408,1
DA:1409,1
DA:1411,1
DA:1412,1
DA:1413,1
DA:1414,0
DA:1415,0
DA:1416,0
DA:1417,0
DA:1419,0
DA:1421,0
DA:1422,0
DA:1423,0
DA:1424,0
DA:1428,0
DA:1429,0
DA:1430,0
DA:1431,0
DA:1435,0
DA:1436,0
DA:1437,0
DA:1438,0
DA:1442,0
DA:1443,0
DA:1445,0
DA:1446,0
DA:1449,3
DA:1450,0
DA:1452,1
DA:1453,0
DA:1457,1
DA:1458,1
DA:1459,1
DA:1460,1
DA:1461,0
DA:1462,0
DA:1464,0
DA:1465,0
DA:1467,0
DA:1468,0
DA:1470,0
DA:1471,0
DA:1478,1
DA:1479,2
DA:1480,2
DA:1481,2
DA:1482,2
DA:1484,0
DA:1486,0
DA:1487,0
DA:1489,0
DA:1490,0
DA:1491,0
DA:1492,0
DA:1493,0
DA:1494,0
DA:1495,0
DA:1496,0
DA:1497,0
DA:1498,0
DA:1500,0
DA:1501,0
DA:1502,0
DA:1503,0
DA:1504,0
DA:1506,0
DA:1507,0
DA:1508,0
DA:1509,0
DA:1510,0
DA:1512,0
DA:1513,0
DA:1515,0
DA:1516,0
DA:1524,1
DA:1525,1
DA:1527,1
DA:1529,1
DA:1530,1
DA:1533,0
DA:1535,1
DA:1538,0
LF:626
LH:116
end_of_record
SF:lib/utils/leet_speak_converter.dart
DA:17,0
DA:18,0
DA:22,0
DA:23,0
DA:26,0
DA:41,0
DA:44,0
DA:45,0
DA:49,0
DA:51,0
LF:10
LH:0
end_of_record
SF:lib/widgets/journal/journal_entry_editor.dart
DA:68,1
DA:89,0
DA:90,0
DA:91,0
DA:93,0
DA:94,0
DA:95,0
DA:97,0
DA:101,0
DA:102,0
DA:106,1
DA:107,1
DA:122,1
DA:124,1
DA:127,3
DA:130,3
DA:133,3
DA:134,4
DA:138,2
DA:141,3
DA:144,3
DA:147,3
DA:150,1
DA:153,2
DA:154,0
DA:158,2
DA:159,0
DA:162,2
DA:163,1
DA:167,0
DA:168,0
DA:169,0
DA:174,0
DA:176,0
DA:177,0
DA:178,0
DA:179,0
DA:180,0
DA:185,0
DA:186,0
DA:187,0
DA:188,0
DA:189,0
DA:194,0
DA:195,0
DA:196,0
DA:197,0
DA:198,0
DA:203,0
DA:204,0
DA:205,0
DA:206,0
DA:207,0
DA:212,0
DA:213,0
DA:214,0
DA:215,0
DA:216,0
DA:221,0
DA:222,0
DA:223,0
DA:227,0
DA:230,0
DA:231,0
DA:232,0
DA:233,0
DA:234,0
DA:235,0
DA:246,0
DA:247,0
DA:248,0
DA:250,0
DA:251,0
DA:253,0
DA:254,0
DA:256,0
DA:260,0
DA:261,0
DA:262,0
DA:264,0
DA:269,0
DA:274,0
DA:275,0
DA:276,0
DA:278,0
DA:279,0
DA:287,0
DA:288,0
DA:289,0
DA:290,0
DA:292,0
DA:295,0
DA:296,0
DA:297,0
DA:298,0
DA:299,0
DA:301,0
DA:303,0
DA:304,0
DA:305,0
DA:306,0
DA:307,0
DA:313,0
DA:314,0
DA:315,0
DA:325,0
DA:326,0
DA:327,0
DA:329,0
DA:330,0
DA:338,0
DA:339,0
DA:340,0
DA:341,0
DA:343,0
DA:346,0
DA:347,0
DA:348,0
DA:349,0
DA:351,0
DA:353,0
DA:354,0
DA:355,0
DA:356,0
DA:362,0
DA:363,0
DA:364,0
DA:374,0
DA:375,0
DA:377,0
DA:378,0
DA:382,0
DA:383,0
DA:384,0
DA:388,0
DA:391,0
DA:392,0
DA:393,0
DA:394,0
DA:395,0
DA:396,0
DA:401,0
DA:403,0
DA:404,0
DA:407,0
DA:409,0
DA:415,0
DA:416,0
DA:420,0
DA:421,0
DA:427,0
DA:432,0
DA:434,0
DA:435,0
DA:437,0
DA:440,0
DA:448,0
DA:450,0
DA:454,0
DA:456,0
DA:458,0
DA:463,0
DA:468,0
DA:470,0
DA:474,0
DA:475,0
DA:481,0
DA:483,0
DA:487,0
DA:490,0
DA:492,0
DA:493,0
DA:495,0
DA:496,0
DA:501,0
DA:513,0
DA:514,0
DA:515,0
DA:516,0
DA:522,0
DA:523,0
DA:524,0
DA:525,0
DA:527,0
DA:528,0
DA:529,0
DA:530,0
DA:531,0
DA:532,0
DA:533,0
DA:544,0
DA:545,0
DA:547,0
DA:548,0
DA:549,0
DA:550,0
DA:551,0
DA:554,0
DA:555,0
DA:561,0
DA:566,0
DA:572,0
DA:575,0
DA:576,0
DA:577,0
DA:578,0
DA:580,0
DA:586,0
DA:592,0
DA:593,0
DA:595,0
DA:602,0
DA:603,0
DA:604,0
DA:605,0
DA:616,0
DA:617,0
DA:619,0
DA:620,0
DA:621,0
DA:622,0
DA:623,0
DA:626,0
DA:627,0
DA:633,0
DA:637,0
DA:643,0
DA:644,0
DA:646,0
DA:653,0
DA:654,0
DA:655,0
DA:656,0
DA:667,0
DA:668,0
DA:670,0
DA:671,0
DA:672,0
DA:673,0
DA:674,0
DA:677,0
DA:678,0
DA:679,0
DA:683,0
DA:684,0
DA:686,0
DA:688,0
DA:690,0
DA:693,0
DA:695,0
DA:699,0
DA:700,0
DA:703,0
DA:705,0
DA:708,0
DA:710,0
DA:711,0
DA:712,0
DA:714,0
DA:719,0
DA:729,0
DA:737,0
DA:738,0
DA:739,0
DA:741,0
DA:742,0
DA:750,0
DA:751,0
DA:752,0
DA:753,0
DA:764,0
DA:765,0
DA:767,0
DA:768,0
DA:769,0
DA:770,0
DA:771,0
DA:774,0
DA:775,0
DA:776,0
DA:780,0
DA:781,0
DA:783,0
DA:784,0
DA:790,0
DA:791,0
DA:792,0
DA:793,0
DA:804,0
DA:805,0
DA:806,0
DA:808,0
DA:810,0
DA:817,1
DA:819,2
DA:821,1
DA:822,1
DA:825,2
DA:826,1
DA:827,0
DA:828,0
DA:829,0
DA:830,0
DA:831,0
DA:832,1
DA:833,1
DA:834,1
DA:835,2
DA:836,2
DA:837,2
DA:838,1
DA:842,1
DA:843,0
DA:845,0
DA:846,0
DA:847,0
DA:848,0
DA:849,0
DA:852,0
DA:853,0
DA:856,1
DA:857,1
DA:859,1
DA:862,5
DA:863,0
DA:864,0
DA:865,0
DA:866,0
DA:867,0
DA:868,0
DA:870,0
DA:872,0
DA:873,0
DA:875,0
DA:877,0
DA:884,1
DA:885,0
DA:886,0
DA:888,0
DA:890,0
DA:891,0
DA:892,0
DA:893,0
DA:894,0
DA:895,0
DA:898,0
DA:900,0
DA:901,0
DA:903,0
DA:905,0
DA:906,0
DA:907,0
DA:908,0
DA:910,0
DA:911,0
DA:912,0
DA:913,0
DA:915,0
DA:916,0
DA:918,0
DA:919,0
DA:929,1
DA:930,1
DA:931,1
DA:932,1
DA:933,3
DA:935,1
DA:937,1
DA:938,1
DA:940,1
DA:941,1
DA:942,1
DA:943,2
DA:952,0
DA:954,0
DA:955,0
DA:958,0
DA:961,0
DA:962,0
DA:965,0
DA:966,0
DA:967,0
DA:969,0
DA:972,0
DA:973,0
DA:976,0
DA:982,0
DA:983,0
DA:984,0
DA:985,0
DA:989,0
DA:990,0
DA:992,0
DA:993,0
DA:994,0
DA:995,0
DA:996,0
DA:998,0
DA:999,0
DA:1000,0
DA:1001,0
DA:1002,0
DA:1004,0
DA:1005,0
DA:1007,0
DA:1016,2
DA:1017,0
DA:1018,2
DA:1019,2
DA:1020,0
DA:1021,0
DA:1026,0
DA:1028,0
DA:1029,0
DA:1031,0
DA:1032,0
DA:1033,0
DA:1034,0
DA:1036,0
DA:1038,0
DA:1039,0
DA:1044,0
DA:1047,0
DA:1048,0
DA:1049,0
DA:1050,0
DA:1052,0
DA:1054,0
DA:1056,0
DA:1060,0
DA:1062,0
DA:1063,0
DA:1064,0
LF:433
LH:52
end_of_record
SF:lib/widgets/journal/move_dialog.dart
DA:19,0
DA:25,0
DA:30,0
DA:32,0
DA:33,0
DA:34,0
DA:35,0
DA:36,0
DA:37,0
DA:39,0
DA:40,0
DA:45,0
DA:46,0
DA:47,0
DA:48,0
DA:58,0
DA:60,0
DA:61,0
DA:62,0
DA:64,0
DA:65,0
DA:68,0
DA:71,0
DA:74,0
DA:75,0
DA:76,0
DA:77,0
DA:78,0
DA:79,0
DA:85,0
DA:87,0
DA:90,0
DA:91,0
DA:93,0
DA:95,0
DA:97,0
DA:102,0
DA:103,0
DA:105,0
DA:106,0
DA:107,0
DA:114,0
DA:115,0
DA:124,0
DA:125,0
DA:127,0
DA:133,0
DA:134,0
DA:136,0
DA:138,0
DA:139,0
DA:140,0
DA:149,0
DA:151,0
DA:153,0
DA:154,0
DA:158,0
DA:159,0
DA:160,0
DA:171,0
DA:172,0
DA:173,0
DA:182,0
DA:183,0
DA:184,0
DA:193,0
DA:194,0
DA:195,0
DA:203,0
DA:205,0
DA:206,0
DA:207,0
DA:211,0
DA:212,0
DA:217,0
DA:218,0
DA:222,0
DA:230,0
DA:231,0
DA:233,0
DA:234,0
DA:239,0
DA:240,0
DA:241,0
DA:242,0
DA:243,0
DA:255,0
DA:256,0
DA:257,0
DA:258,0
DA:273,0
DA:283,0
DA:284,0
DA:287,0
DA:293,0
DA:297,0
DA:300,0
DA:303,0
DA:312,0
DA:313,0
DA:316,0
DA:319,0
DA:322,0
DA:324,0
DA:327,0
DA:328,0
DA:331,0
DA:336,0
DA:338,0
DA:339,0
DA:340,0
DA:341,0
DA:343,0
DA:348,0
DA:349,0
DA:353,0
DA:354,0
DA:358,0
DA:359,0
DA:360,0
DA:366,0
DA:367,0
DA:368,0
DA:375,0
DA:377,0
DA:378,0
DA:384,0
DA:386,0
DA:387,0
DA:388,0
DA:389,0
DA:393,0
DA:394,0
DA:396,0
DA:397,0
DA:398,0
DA:409,0
DA:412,0
DA:413,0
DA:417,0
DA:424,0
DA:426,0
DA:427,0
DA:428,0
DA:432,0
DA:433,0
DA:438,0
DA:439,0
DA:443,0
DA:450,0
DA:451,0
DA:453,0
DA:456,0
DA:457,0
DA:458,0
DA:459,0
DA:471,0
DA:474,0
DA:475,0
DA:478,0
DA:479,0
DA:480,0
DA:481,0
DA:482,0
DA:483,0
DA:490,0
DA:491,0
DA:492,0
DA:498,0
DA:508,0
DA:517,0
DA:518,0
DA:521,0
DA:527,0
DA:528,0
DA:531,0
DA:534,0
DA:537,0
DA:539,0
DA:542,0
DA:543,0
DA:546,0
DA:551,0
DA:553,0
DA:554,0
DA:555,0
DA:556,0
DA:558,0
DA:563,0
DA:564,0
DA:568,0
DA:569,0
DA:573,0
DA:574,0
DA:575,0
DA:581,0
DA:582,0
DA:583,0
DA:590,0
DA:592,0
DA:593,0
DA:599,0
DA:601,0
DA:602,0
DA:606,0
DA:607,0
DA:609,0
DA:610,0
DA:611,0
DA:620,0
DA:623,0
DA:624,0
DA:628,0
DA:635,0
DA:637,0
DA:638,0
DA:639,0
DA:643,0
DA:644,0
DA:649,0
DA:650,0
DA:654,0
DA:667,0
DA:676,0
DA:680,0
DA:683,0
DA:684,0
DA:685,0
DA:689,0
DA:693,0
DA:694,0
DA:695,0
DA:697,0
DA:698,0
DA:699,0
DA:701,0
DA:702,0
DA:704,0
DA:705,0
DA:710,0
DA:713,0
DA:715,0
DA:716,0
DA:719,0
DA:720,0
DA:721,0
DA:722,0
DA:723,0
DA:725,0
DA:726,0
DA:728,0
DA:729,0
DA:730,0
DA:739,0
DA:742,0
DA:743,0
DA:744,0
DA:748,0
DA:755,0
DA:757,0
DA:758,0
DA:759,0
DA:763,0
DA:764,0
DA:769,0
DA:770,0
DA:774,0
DA:786,0
DA:787,0
DA:788,0
DA:796,0
DA:804,0
DA:807,0
DA:810,0
DA:812,0
DA:813,0
DA:814,0
DA:815,0
DA:818,0
DA:819,0
DA:820,0
DA:824,0
DA:830,0
DA:831,0
DA:832,0
DA:833,0
DA:837,0
DA:838,0
DA:841,0
DA:842,0
DA:845,0
DA:848,0
LF:292
LH:0
end_of_record
SF:lib/widgets/journal/linked_items_manager.dart
DA:26,1
DA:34,1
DA:35,1
DA:36,1
DA:37,1
DA:38,1
DA:39,2
DA:43,0
DA:44,0
DA:45,0
DA:46,0
DA:47,0
DA:48,0
DA:49,0
DA:50,0
DA:55,0
DA:56,0
DA:57,0
DA:62,0
DA:63,0
DA:67,0
DA:68,0
DA:69,0
DA:74,0
DA:75,0
DA:79,0
DA:80,0
DA:84,0
DA:85,0
DA:89,0
DA:90,0
DA:94,0
DA:95,0
DA:99,0
DA:100,0
DA:101,0
DA:106,0
DA:107,0
DA:111,0
DA:112,0
DA:113,0
DA:118,0
DA:119,0
DA:123,0
DA:124,0
DA:125,0
DA:126,0
DA:127,0
DA:128,0
DA:129,0
DA:133,0
DA:136,3
DA:139,0
DA:142,0
DA:145,0
DA:148,0
DA:153,0
DA:154,0
DA:155,0
DA:161,0
DA:162,0
DA:163,0
DA:167,0
DA:168,0
DA:169,0
DA:170,0
DA:171,0
DA:172,0
DA:173,0
LF:69
LH:8
end_of_record
SF:lib/widgets/journal/autocomplete_system.dart
DA:34,1
DA:37,0
DA:42,0
DA:48,0
DA:50,0
DA:51,0
DA:52,0
DA:58,0
DA:59,0
DA:62,0
DA:66,0
DA:67,0
DA:68,0
DA:69,0
DA:75,0
DA:76,0
DA:77,0
DA:82,0
DA:83,0
DA:85,0
DA:86,0
DA:91,0
DA:92,0
DA:93,0
DA:96,0
DA:97,0
DA:98,0
DA:99,0
DA:100,0
DA:101,0
DA:104,0
DA:108,0
DA:109,0
DA:110,0
DA:111,0
DA:114,0
DA:115,0
DA:116,0
DA:119,0
DA:120,0
DA:121,0
DA:122,0
DA:123,0
DA:124,0
DA:127,0
DA:131,0
DA:132,0
DA:133,0
DA:134,0
DA:138,0
DA:139,0
DA:145,0
DA:146,0
DA:147,0
DA:148,0
DA:149,0
DA:150,0
DA:154,0
DA:156,0
DA:160,0
DA:162,0
DA:165,0
DA:166,0
DA:167,0
DA:168,0
DA:169,0
DA:171,0
DA:172,0
DA:173,0
DA:175,0
DA:176,0
DA:177,0
DA:178,0
DA:180,0
DA:183,0
DA:184,0
DA:189,0
DA:190,0
DA:193,0
DA:195,0
DA:198,0
DA:201,0
DA:205,0
DA:211,0
DA:220,0
DA:221,0
DA:222,0
DA:223,0
DA:225,0
DA:226,0
DA:230,0
DA:231,0
DA:232,0
DA:233,0
DA:235,0
DA:240,0
DA:241,0
DA:242,0
DA:245,0
DA:247,0
DA:248,0
DA:251,0
DA:253,0
DA:257,0
DA:262,0
DA:263,0
DA:266,0
DA:268,0
DA:272,0
DA:280,0
DA:281,0
DA:282,0
DA:283,0
DA:284,0
DA:291,2
DA:294,0
DA:297,0
DA:300,2
DA:303,2
DA:306,0
DA:309,0
DA:310,0
LF:122
LH:4
end_of_record
SF:lib/widgets/oracles/oracle_dialog.dart
DA:18,0
DA:24,0
DA:27,0
DA:29,0
DA:30,0
DA:31,0
DA:32,0
DA:33,0
DA:34,0
DA:36,0
DA:37,0
DA:42,0
DA:43,0
DA:44,0
DA:45,0
DA:54,0
DA:55,0
DA:56,0
DA:58,0
DA:59,0
DA:60,0
DA:61,0
DA:66,0
DA:67,0
DA:68,0
DA:69,0
DA:70,0
DA:71,0
DA:79,0
DA:81,0
DA:84,0
DA:85,0
DA:87,0
DA:89,0
DA:91,0
DA:96,0
DA:97,0
DA:99,0
DA:100,0
DA:101,0
DA:108,0
DA:109,0
DA:117,0
DA:118,0
DA:119,0
DA:121,0
DA:122,0
DA:131,0
DA:133,0
DA:134,0
DA:147,0
DA:148,0
DA:149,0
DA:150,0
DA:165,0
DA:173,0
DA:175,0
DA:176,0
DA:177,0
DA:178,0
DA:184,0
DA:187,0
DA:190,0
DA:191,0
DA:195,0
DA:196,0
DA:197,0
DA:200,0
DA:201,0
DA:205,0
DA:206,0
DA:208,0
DA:210,0
DA:211,0
DA:212,0
DA:216,0
DA:219,0
DA:220,0
DA:222,0
DA:223,0
DA:224,0
DA:232,0
DA:234,0
DA:238,0
DA:239,0
DA:242,0
DA:245,0
LF:87
LH:0
end_of_record
SF:lib/widgets/locations/location_service.dart
DA:11,0
DA:16,0
DA:26,0
DA:36,0
DA:40,0
DA:47,0
DA:57,0
DA:58,0
DA:59,0
DA:67,0
DA:68,0
DA:69,0
DA:70,0
DA:73,0
DA:74,0
DA:78,0
DA:82,0
DA:86,0
DA:93,0
DA:95,0
DA:96,0
DA:97,0
DA:100,0
DA:105,0
DA:106,0
DA:110,0
DA:111,0
DA:115,0
DA:119,0
DA:126,0
DA:128,0
DA:131,0
DA:135,0
DA:142,0
DA:144,0
DA:147,0
DA:151,0
DA:158,0
DA:160,0
DA:162,0
DA:166,0
DA:168,0
DA:173,0
DA:175,0
DA:178,0
DA:182,0
DA:189,0
DA:191,0
DA:194,0
DA:198,0
DA:205,0
DA:207,0
DA:210,0
DA:214,0
DA:221,0
DA:223,0
DA:224,0
DA:225,0
DA:228,0
DA:232,0
DA:239,0
DA:240,0
DA:244,0
DA:245,0
DA:246,0
DA:249,0
DA:250,0
DA:251,0
DA:252,0
DA:253,0
DA:257,0
DA:258,0
DA:262,0
DA:263,0
DA:266,0
DA:267,0
DA:268,0
DA:269,0
DA:270,0
DA:271,0
DA:272,0
DA:273,0
LF:82
LH:0
end_of_record
SF:lib/widgets/locations/location_dialog.dart
DA:10,0
DA:16,0
DA:19,0
DA:22,0
DA:25,0
DA:26,0
DA:27,0
DA:30,0
DA:32,0
DA:37,0
DA:42,0
DA:44,0
DA:45,0
DA:46,0
DA:50,0
DA:53,0
DA:55,0
DA:57,0
DA:62,0
DA:63,0
DA:64,0
DA:67,0
DA:68,0
DA:71,0
DA:76,0
DA:86,0
DA:87,0
DA:88,0
DA:89,0
DA:91,0
DA:96,0
DA:100,0
DA:113,0
DA:115,0
DA:116,0
DA:117,0
DA:118,0
DA:135,0
DA:143,0
DA:144,0
DA:145,0
DA:146,0
DA:148,0
DA:155,0
DA:157,0
DA:159,0
DA:160,0
DA:161,0
DA:162,0
DA:163,0
DA:167,0
DA:170,0
DA:172,0
DA:174,0
DA:179,0
DA:180,0
DA:181,0
DA:184,0
DA:186,0
DA:189,0
DA:191,0
DA:192,0
DA:202,0
DA:205,0
DA:219,0
DA:224,0
DA:226,0
DA:227,0
DA:229,0
DA:230,0
DA:233,0
DA:234,0
DA:239,0
DA:241,0
DA:242,0
DA:246,0
DA:248,0
DA:249,0
DA:252,0
DA:262,0
DA:264,0
DA:265,0
DA:266,0
DA:268,0
DA:273,0
DA:274,0
DA:275,0
DA:294,0
DA:301,0
DA:303,0
DA:304,0
DA:305,0
DA:308,0
DA:311,0
DA:313,0
DA:315,0
DA:320,0
DA:324,0
DA:326,0
DA:327,0
DA:328,0
DA:329,0
DA:334,0
DA:335,0
DA:336,0
DA:340,0
DA:341,0
DA:344,0
DA:350,0
DA:368,0
DA:374,0
DA:376,0
DA:377,0
DA:387,0
DA:389,0
DA:390,0
DA:391,0
DA:395,0
DA:398,0
DA:400,0
DA:402,0
DA:407,0
DA:408,0
DA:409,0
DA:412,0
DA:415,0
DA:416,0
DA:417,0
DA:420,0
DA:421,0
DA:423,0
DA:426,0
DA:427,0
DA:428,0
DA:429,0
DA:430,0
DA:431,0
DA:436,0
DA:439,0
DA:449,0
DA:450,0
DA:453,0
DA:454,0
DA:455,0
DA:458,0
DA:468,0
DA:470,0
DA:471,0
DA:472,0
DA:473,0
LF:150
LH:0
end_of_record
SF:lib/widgets/character/dialogs/character_edit_dialog.dart
DA:22,0
DA:30,0
DA:31,0
DA:33,0
DA:41,0
DA:42,0
DA:98,0
DA:100,0
DA:103,0
DA:104,0
DA:105,0
DA:106,0
DA:107,0
DA:110,0
DA:111,0
DA:112,0
DA:113,0
DA:116,0
DA:117,0
DA:118,0
DA:119,0
DA:120,0
DA:121,0
DA:124,0
[...]
DA:21,0
DA:22,0
DA:31,0
DA:36,0
DA:38,0
DA:39,0
DA:43,0
DA:44,0
DA:47,0
DA:51,0
DA:53,0
DA:54,0
DA:55,0
DA:56,0
DA:57,0
DA:58,0
DA:59,0
DA:60,0
LF:21
LH:1
end_of_record
SF:lib/widgets/locations/graph/location_interaction_handler.dart
DA:24,0
DA:32,0
DA:33,0
DA:34,0
DA:38,0
DA:39,0
DA:40,0
DA:44,0
DA:45,0
DA:49,0
DA:50,0
DA:54,0
DA:55,0
DA:59,0
DA:60,0
DA:63,0
DA:66,0
DA:67,0
DA:72,0
DA:74,0
DA:75,0
DA:79,0
DA:81,0
DA:83,0
DA:84,0
DA:87,0
DA:91,0
DA:92,0
DA:97,0
DA:98,0
DA:101,0
DA:103,0
DA:105,0
DA:106,0
DA:109,0
DA:113,0
DA:114,0
DA:119,0
DA:120,0
DA:121,0
DA:126,0
DA:127,0
DA:128,0
DA:133,0
DA:134,0
DA:135,0
LF:46
LH:0
end_of_record
SF:lib/widgets/locations/graph/location_graph_widget.dart
DA:40,0
DA:52,0
DA:53,0
DA:87,0
DA:89,0
DA:92,0
DA:93,0
DA:94,0
DA:95,0
DA:96,0
DA:97,0
DA:102,0
DA:104,0
DA:105,0
DA:106,0
DA:107,0
DA:108,0
DA:109,0
DA:110,0
DA:114,0
DA:117,0
DA:120,0
DA:122,0
DA:123,0
DA:127,0
DA:130,0
DA:132,0
DA:133,0
DA:137,0
DA:140,0
DA:142,0
DA:143,0
DA:147,0
DA:148,0
DA:149,0
DA:150,0
DA:153,0
DA:154,0
DA:155,0
DA:156,0
DA:161,0
DA:163,0
DA:166,0
DA:169,0
DA:173,0
DA:174,0
DA:176,0
DA:181,0
DA:182,0
DA:183,0
DA:186,0
DA:187,0
DA:188,0
DA:192,0
DA:193,0
DA:194,0
DA:196,0
DA:205,0
DA:209,0
DA:210,0
DA:212,0
DA:213,0
DA:214,0
DA:215,0
DA:216,0
DA:222,0
DA:224,0
DA:225,0
DA:226,0
DA:227,0
DA:228,0
DA:229,0
DA:230,0
DA:234,0
DA:236,0
DA:239,0
DA:240,0
DA:241,0
DA:243,0
DA:251,0
DA:252,0
DA:253,0
DA:257,0
DA:259,0
DA:262,0
DA:263,0
DA:264,0
DA:272,0
DA:279,0
DA:280,0
DA:281,0
DA:284,0
DA:286,0
DA:287,0
DA:288,0
DA:289,0
DA:290,0
DA:291,0
DA:297,0
DA:298,0
DA:300,0
DA:302,0
DA:303,0
DA:305,0
DA:307,0
DA:309,0
DA:311,0
DA:313,0
DA:315,0
DA:317,0
DA:318,0
DA:319,0
DA:320,0
DA:325,0
DA:327,0
DA:328,0
DA:329,0
DA:330,0
DA:333,0
DA:335,0
DA:337,0
DA:338,0
DA:339,0
DA:340,0
DA:343,0
DA:350,0
DA:356,0
DA:361,0
DA:362,0
DA:363,0
DA:365,0
DA:368,0
DA:369,0
DA:370,0
DA:372,0
DA:373,0
DA:376,0
DA:377,0
DA:378,0
DA:379,0
DA:380,0
DA:381,0
DA:382,0
DA:395,0
DA:398,0
DA:401,0
DA:406,0
DA:409,0
DA:412,0
DA:413,0
DA:414,0
DA:415,0
DA:416,0
DA:422,0
DA:425,0
DA:426,0
DA:427,0
DA:428,0
DA:431,0
DA:432,0
DA:445,0
DA:447,0
DA:449,0
DA:451,0
DA:452,0
DA:453,0
DA:460,0
DA:461,0
DA:463,0
DA:464,0
DA:468,0
DA:469,0
DA:470,0
DA:474,0
DA:475,0
DA:476,0
DA:477,0
DA:481,0
DA:484,0
DA:489,0
DA:490,0
DA:491,0
DA:492,0
DA:493,0
DA:495,0
DA:497,0
DA:498,0
DA:499,0
DA:502,0
DA:503,0
DA:504,0
DA:507,0
DA:508,0
DA:509,0
DA:511,0
DA:512,0
DA:513,0
DA:515,0
DA:518,0
DA:522,0
DA:524,0
DA:525,0
DA:526,0
DA:527,0
DA:528,0
DA:533,0
DA:534,0
DA:541,0
DA:542,0
DA:543,0
DA:544,0
DA:545,0
DA:546,0
DA:547,0
DA:552,0
DA:559,0
DA:560,0
LF:217
LH:0
end_of_record
SF:lib/widgets/locations/location_edge_painter.dart
DA:14,0
DA:31,0
DA:33,0
DA:34,0
DA:35,0
DA:37,0
DA:38,0
DA:44,0
DA:45,0
DA:51,0
DA:54,0
DA:55,0
DA:58,0
DA:63,0
DA:65,0
DA:67,0
DA:68,0
DA:69,0
DA:73,0
DA:74,0
DA:75,0
DA:81,0
DA:83,0
DA:84,0
DA:88,0
DA:89,0
DA:92,0
DA:96,0
DA:98,0
DA:99,0
DA:100,0
DA:101,0
DA:102,0
DA:103,0
DA:104,0
DA:105,0
DA:110,0
DA:112,0
DA:113,0
DA:117,0
DA:118,0
DA:119,0
DA:120,0
DA:121,0
DA:124,0
DA:125,0
DA:126,0
DA:127,0
DA:128,0
DA:129,0
DA:132,0
DA:133,0
DA:134,0
DA:140,0
DA:143,0
DA:145,0
DA:146,0
DA:147,0
DA:148,0
DA:149,0
DA:150,0
LF:61
LH:0
end_of_record
SF:lib/widgets/locations/location_node_widget.dart
DA:29,0
DA:41,0
DA:42,0
DA:45,0
DA:47,0
DA:49,0
DA:52,0
DA:53,0
DA:54,0
DA:55,0
DA:58,0
DA:63,0
DA:65,0
DA:68,0
DA:71,0
DA:74,0
DA:77,0
DA:79,0
DA:80,0
DA:83,0
DA:84,0
DA:86,0
DA:87,0
DA:88,0
DA:89,0
DA:91,0
DA:93,0
DA:94,0
DA:95,0
DA:96,0
DA:97,0
DA:99,0
DA:101,0
DA:103,0
DA:104,0
DA:111,0
DA:113,0
DA:114,0
LF:38
LH:0
end_of_record
SF:lib/widgets/locations/location_form.dart
DA:24,1
DA:32,1
DA:33,1
DA:47,1
DA:49,1
DA:52,4
DA:53,4
DA:54,4
DA:57,3
DA:58,3
DA:60,0
DA:63,1
DA:65,1
DA:68,2
DA:69,2
DA:71,2
DA:72,3
DA:77,2
DA:78,0
DA:79,0
DA:80,0
DA:83,0
DA:84,0
DA:85,0
DA:92,1
DA:94,2
DA:95,2
DA:96,2
DA:97,1
DA:101,0
DA:102,0
DA:105,0
DA:108,0
DA:111,0
DA:112,0
DA:116,0
DA:126,0
DA:128,0
DA:129,0
DA:130,0
DA:134,0
DA:135,0
DA:136,0
DA:144,0
DA:145,0
DA:147,0
DA:148,0
DA:153,0
DA:154,0
DA:155,0
DA:156,0
DA:157,0
DA:160,0
DA:161,0
DA:162,0
DA:171,0
DA:172,0
DA:176,0
DA:185,0
DA:186,0
DA:189,0
DA:190,0
DA:193,0
DA:194,0
DA:195,0
DA:200,0
DA:210,0
DA:211,0
DA:212,0
DA:215,0
DA:216,0
DA:238,0
DA:241,0
DA:246,0
DA:247,0
DA:257,0
DA:259,0
DA:260,0
DA:261,0
DA:265,0
DA:266,0
DA:267,0
DA:268,0
DA:276,0
DA:277,0
DA:279,0
DA:280,0
DA:285,0
DA:291,0
DA:292,0
DA:293,0
DA:294,0
DA:300,0
DA:301,0
DA:307,0
DA:308,0
DA:311,0
DA:312,0
DA:313,0
DA:314,0
DA:320,0
DA:327,0
DA:328,0
DA:329,0
DA:330,0
DA:337,1
DA:339,1
DA:340,1
DA:341,1
DA:344,1
DA:346,1
DA:348,1
DA:349,1
DA:350,1
DA:351,1
DA:357,0
DA:358,0
DA:363,2
DA:367,1
DA:369,1
DA:370,0
DA:371,1
DA:372,1
DA:374,1
DA:375,3
DA:376,1
DA:390,1
DA:391,1
DA:402,1
DA:403,1
DA:413,1
DA:414,1
DA:419,4
DA:420,1
DA:422,1
DA:423,1
DA:424,1
DA:427,1
DA:428,1
DA:433,2
DA:437,1
DA:438,0
DA:440,0
DA:441,0
DA:449,2
DA:450,1
DA:458,1
DA:459,1
DA:464,3
DA:465,1
DA:467,2
DA:469,1
DA:470,0
DA:471,0
DA:472,0
DA:478,4
DA:480,0
DA:481,0
DA:487,0
DA:492,0
DA:493,0
DA:494,0
DA:496,0
DA:497,0
DA:503,0
DA:504,0
DA:505,0
DA:512,1
DA:513,1
DA:514,1
DA:516,4
DA:520,0
DA:522,0
DA:524,0
DA:525,0
DA:528,0
DA:531,0
DA:535,0
DA:542,0
DA:543,0
DA:546,0
DA:549,0
DA:553,0
DA:560,1
DA:562,1
DA:564,1
DA:566,1
DA:567,2
DA:570,1
DA:573,1
DA:577,2
DA:585,1
DA:587,1
DA:588,2
DA:591,1
DA:594,1
DA:598,2
DA:609,1
DA:610,1
DA:612,1
DA:613,1
DA:614,0
DA:615,0
DA:616,0
DA:617,0
DA:618,0
DA:619,0
DA:620,0
DA:621,0
DA:622,0
DA:626,3
LF:211
LH:87
end_of_record
SF:lib/widgets/moves/action_roll_panel.dart
DA:12,0
DA:18,0
DA:19,0
DA:28,0
DA:30,0
DA:31,0
DA:32,0
DA:35,0
DA:37,0
DA:38,0
DA:41,0
DA:44,0
DA:45,0
DA:47,0
DA:49,0
DA:52,0
DA:54,0
DA:55,0
DA:56,0
DA:57,0
DA:59,0
DA:60,0
DA:62,0
DA:63,0
DA:66,0
DA:67,0
DA:75,0
DA:76,0
DA:80,0
DA:82,0
DA:84,0
DA:85,0
DA:86,0
DA:93,0
DA:97,0
DA:99,0
DA:100,0
DA:103,0
DA:108,0
DA:109,0
DA:110,0
DA:111,0
DA:112,0
DA:114,0
DA:115,0
DA:116,0
DA:117,0
DA:120,0
DA:123,0
DA:124,0
DA:125,0
DA:126,0
DA:127,0
DA:128,0
DA:132,0
DA:134,0
DA:137,0
DA:139,0
DA:151,0
DA:155,0
DA:157,0
DA:158,0
DA:171,0
DA:172,0
DA:173,0
DA:174,0
DA:177,0
DA:178,0
DA:181,0
DA:182,0
DA:183,0
DA:190,0
DA:191,0
DA:195,0
DA:201,0
LF:75
LH:0
end_of_record
SF:lib/widgets/moves/move_card.dart
DA:10,0
DA:16,0
DA:18,0
DA:20,0
DA:21,0
DA:22,0
DA:23,0
DA:27,0
DA:28,0
DA:29,0
DA:30,0
DA:31,0
DA:34,0
LF:13
LH:0
end_of_record
SF:lib/widgets/moves/progress_roll_panel.dart
DA:17,0
DA:24,0
DA:25,0
DA:36,0
DA:38,0
DA:40,0
DA:41,0
DA:45,0
DA:47,0
DA:48,0
DA:49,0
DA:51,0
DA:52,0
DA:53,0
DA:56,0
DA:57,0
DA:58,0
DA:61,0
DA:66,0
DA:67,0
DA:72,0
DA:74,0
DA:75,0
DA:76,0
DA:77,0
DA:81,0
DA:82,0
DA:87,0
DA:89,0
DA:92,0
DA:94,0
DA:103,0
DA:105,0
DA:106,0
DA:109,0
DA:111,0
DA:113,0
DA:115,0
DA:116,0
DA:117,0
DA:118,0
DA:119,0
DA:120,0
DA:122,0
DA:123,0
DA:124,0
DA:125,0
DA:138,0
DA:139,0
DA:140,0
DA:141,0
DA:143,0
DA:144,0
DA:145,0
DA:146,0
DA:165,0
DA:173,0
DA:174,0
DA:176,0
DA:177,0
DA:182,0
DA:183,0
DA:184,0
DA:185,0
DA:186,0
DA:189,0
DA:192,0
DA:200,0
DA:201,0
DA:203,0
DA:206,0
DA:207,0
DA:208,0
DA:213,0
DA:222,0
DA:223,0
DA:227,0
DA:228,0
DA:229,0
DA:230,0
DA:233,0
DA:234,0
DA:241,0
DA:242,0
DA:243,0
DA:249,0
DA:252,0
DA:253,0
DA:254,0
DA:255,0
DA:258,0
DA:259,0
DA:261,0
DA:264,0
LF:94
LH:0
end_of_record
SF:lib/widgets/moves/no_roll_panel.dart
DA:9,0
DA:15,0
DA:17,0
DA:18,0
DA:21,0
DA:22,0
LF:6
LH:0
end_of_record
SF:lib/widgets/moves/move_oracle_panel.dart
DA:12,0
DA:18,0
DA:19,0
DA:25,0
DA:27,0
DA:29,0
DA:30,0
DA:34,0
DA:36,0
DA:40,0
DA:42,0
DA:44,0
DA:54,0
DA:55,0
DA:57,0
DA:58,0
DA:63,0
DA:64,0
DA:65,0
DA:67,0
DA:69,0
DA:70,0
DA:71,0
DA:72,0
DA:79,0
DA:82,0
DA:83,0
DA:85,0
DA:86,0
DA:87,0
DA:92,0
DA:94,0
DA:95,0
DA:103,0
DA:104,0
DA:106,0
DA:107,0
DA:110,0
DA:111,0
DA:112,0
DA:115,0
DA:116,0
DA:117,0
DA:118,0
DA:124,0
DA:125,0
DA:126,0
DA:132,0
DA:133,0
DA:135,0
DA:136,0
DA:139,0
DA:140,0
DA:142,0
DA:143,0
DA:144,0
DA:146,0
DA:147,0
DA:148,0
DA:151,0
LF:60
LH:0
end_of_record
SF:lib/widgets/oracles/oracle_result_view.dart
DA:14,0
DA:23,0
DA:25,0
DA:26,0
DA:27,0
DA:28,0
DA:31,0
DA:32,0
DA:36,0
DA:37,0
DA:43,0
DA:53,0
DA:54,0
DA:56,0
DA:58,0
DA:59,0
DA:60,0
DA:64,0
DA:65,0
DA:76,0
DA:77,0
DA:78,0
DA:81,0
DA:82,0
DA:85,0
DA:86,0
LF:26
LH:0
end_of_record
SF:lib/widgets/moves/outcome_oracle_panel.dart
DA:14,0
DA:22,0
DA:23,0
DA:29,0
DA:31,0
DA:34,0
DA:35,0
DA:38,0
DA:39,0
DA:40,0
DA:47,0
DA:48,0
DA:49,0
DA:51,0
DA:52,0
DA:53,0
DA:61,0
DA:62,0
DA:66,0
DA:69,0
DA:73,0
DA:74,0
DA:79,0
DA:80,0
DA:82,0
DA:84,0
DA:88,0
DA:96,0
DA:106,0
DA:108,0
DA:109,0
DA:111,0
DA:112,0
DA:117,0
DA:118,0
DA:119,0
DA:121,0
DA:123,0
DA:124,0
DA:125,0
DA:126,0
DA:133,0
DA:136,0
DA:137,0
DA:139,0
DA:140,0
DA:141,0
DA:148,0
DA:150,0
DA:151,0
DA:159,0
DA:160,0
DA:162,0
DA:163,0
DA:166,0
DA:167,0
DA:168,0
DA:171,0
DA:172,0
DA:173,0
DA:174,0
DA:180,0
DA:181,0
DA:182,0
DA:188,0
DA:189,0
DA:191,0
DA:192,0
DA:195,0
DA:196,0
DA:198,0
DA:199,0
DA:200,0
DA:202,0
DA:203,0
DA:204,0
DA:207,0
LF:77
LH:0
end_of_record
SF:lib/widgets/oracles/oracle_category_list.dart
DA:10,0
DA:16,0
DA:18,0
DA:24,0
DA:25,0
DA:26,0
DA:27,0
DA:28,0
DA:30,0
DA:31,0
DA:32,0
DA:33,0
DA:34,0
DA:39,0
DA:43,0
DA:45,0
DA:46,0
DA:47,0
DA:49,0
DA:50,0
DA:51,0
DA:52,0
DA:53,0
DA:58,0
DA:60,0
DA:62,0
DA:63,0
DA:64,0
DA:65,0
DA:66,0
DA:67,0
DA:68,0
DA:74,0
DA:77,0
DA:87,0
DA:88,0
DA:89,0
DA:90,0
DA:91,0
DA:92,0
DA:98,0
DA:101,0
LF:42
LH:0
end_of_record
SF:lib/widgets/oracles/oracle_table_list.dart
DA:9,0
DA:15,0
DA:17,0
DA:23,0
DA:25,0
DA:26,0
DA:27,0
DA:28,0
DA:30,0
DA:31,0
DA:32,0
DA:33,0
DA:34,0
DA:39,0
DA:42,0
LF:15
LH:0
end_of_record
SF:lib/widgets/progress_box_painter.dart
DA:12,1
DA:19,3
DA:21,1
DA:24,5
DA:27,1
DA:28,2
DA:29,1
DA:30,1
DA:34,2
DA:35,1
DA:36,1
DA:37,1
DA:40,2
DA:42,0
DA:43,0
DA:44,0
DA:48,0
DA:49,0
DA:50,0
DA:51,0
DA:56,1
DA:58,2
DA:59,1
DA:60,1
DA:61,1
DA:65,1
DA:66,1
DA:69,2
DA:71,0
DA:72,0
DA:73,0
DA:75,0
DA:77,0
DA:79,0
DA:81,0
DA:82,0
DA:83,0
DA:88,0
DA:90,0
DA:91,0
DA:92,0
DA:97,0
DA:99,0
DA:100,0
DA:101,0
DA:108,1
DA:111,0
DA:113,0
DA:114,0
DA:115,0
DA:116,0
DA:117,0
DA:118,0
LF:53
LH:22
end_of_record
SF:lib/widgets/quests/quest_actions_panel.dart
DA:22,0
DA:31,0
DA:33,0
DA:35,0
DA:37,0
DA:38,0
DA:40,0
DA:42,0
DA:43,0
DA:46,0
DA:47,0
DA:52,0
DA:55,0
DA:56,0
DA:65,0
DA:67,0
DA:69,0
DA:70,0
DA:71,0
DA:74,0
DA:75,0
DA:79,0
DA:80,0
DA:83,0
DA:84,0
DA:93,0
DA:94,0
DA:96,0
DA:97,0
DA:98,0
DA:99,0
DA:100,0
DA:104,0
DA:105,0
DA:106,0
DA:107,0
DA:112,0
DA:113,0
DA:114,0
DA:115,0
DA:116,0
DA:126,0
DA:131,0
LF:43
LH:0
end_of_record
SF:lib/widgets/quests/quest_card.dart
DA:43,1
DA:58,1
DA:59,1
DA:66,1
DA:68,1
DA:69,5
DA:72,0
DA:74,0
DA:77,0
DA:78,0
DA:79,0
DA:83,1
DA:85,2
DA:86,1
DA:89,1
DA:91,1
DA:94,1
DA:95,1
DA:96,1
DA:97,5
DA:101,1
DA:102,0
DA:103,0
DA:104,0
DA:107,1
DA:108,1
DA:110,1
DA:112,1
DA:114,1
DA:115,1
DA:116,9
DA:118,1
DA:119,1
DA:120,3
DA:127,1
DA:128,2
DA:129,0
DA:130,0
DA:131,0
DA:134,1
DA:140,1
DA:142,1
DA:143,1
DA:146,1
DA:147,4
DA:148,1
DA:149,1
DA:158,1
DA:159,2
DA:160,2
DA:161,2
DA:162,2
DA:163,2
DA:164,4
DA:168,1
DA:170,0
DA:172,0
DA:179,0
DA:180,0
DA:181,0
DA:187,0
DA:188,0
DA:189,0
DA:190,0
DA:191,0
DA:192,0
DA:197,1
DA:198,1
DA:200,1
DA:202,1
DA:203,2
DA:204,1
DA:205,1
LF:73
LH:51
end_of_record
SF:lib/widgets/quests/quest_progress_panel.dart
DA:26,1
DA:36,1
DA:39,3
DA:40,1
DA:42,1
DA:44,1
DA:46,1
DA:48,1
DA:50,2
DA:51,2
DA:53,2
DA:54,1
DA:55,0
DA:57,1
DA:63,4
DA:64,1
DA:66,1
DA:68,1
DA:71,0
DA:72,0
DA:73,0
DA:74,0
DA:75,0
DA:80,1
DA:83,1
DA:84,1
DA:85,3
DA:86,3
DA:92,0
DA:93,0
DA:94,0
DA:95,0
DA:96,0
DA:101,1
DA:104,1
DA:105,1
DA:106,3
DA:107,3
DA:112,1
DA:114,1
DA:115,1
DA:116,1
DA:117,3
DA:118,3
DA:126,1
DA:128,1
DA:129,1
DA:130,1
DA:131,3
DA:132,3
DA:136,1
DA:137,4
DA:138,1
DA:139,3
DA:144,1
DA:145,3
DA:155,1
DA:157,1
DA:158,1
DA:161,1
DA:162,4
DA:163,3
DA:173,1
DA:175,1
DA:177,0
DA:179,0
DA:181,0
DA:183,0
LF:68
LH:53
end_of_record
SF:lib/widgets/quests/quest_form.dart
DA:17,0
DA:24,0
DA:25,0
DA:35,0
DA:37,0
DA:40,0
DA:41,0
DA:42,0
DA:43,0
DA:44,0
DA:45,0
DA:47,0
DA:51,0
DA:53,0
DA:54,0
DA:55,0
DA:58,0
DA:60,0
DA:61,0
DA:62,0
DA:64,0
DA:66,0
DA:67,0
DA:73,0
DA:74,0
DA:84,0
DA:90,0
DA:91,0
DA:92,0
DA:93,0
DA:94,0
DA:96,0
DA:97,0
DA:98,0
DA:99,0
DA:102,0
DA:112,0
DA:118,0
DA:119,0
DA:120,0
DA:122,0
DA:123,0
DA:124,0
DA:126,0
DA:130,0
DA:131,0
DA:132,0
DA:133,0
DA:140,0
DA:141,0
DA:153,0
DA:155,0
DA:156,0
DA:157,0
DA:161,0
DA:162,0
DA:163,0
DA:164,0
DA:165,0
DA:166,0
DA:167,0
DA:168,0
DA:172,0
LF:63
LH:0
end_of_record
SF:lib/widgets/journal/rich_text_editor.dart
DA:22,1
DA:38,1
DA:39,1
DA:40,1
DA:42,1
DA:43,3
DA:44,2
DA:46,4
DA:50,2
DA:51,4
DA:55,1
DA:56,1
DA:70,1
DA:72,1
DA:75,4
DA:78,3
DA:79,4
DA:83,3
DA:86,1
DA:89,2
DA:90,2
DA:92,2
DA:93,2
DA:94,1
DA:98,0
DA:100,0
DA:101,0
DA:102,0
DA:103,0
DA:104,0
DA:109,0
DA:110,0
DA:111,0
DA:112,0
DA:113,0
DA:118,0
DA:119,0
DA:120,0
DA:121,0
DA:122,0
DA:127,0
DA:128,0
DA:129,0
DA:130,0
DA:131,0
DA:132,0
DA:144,0
DA:145,0
DA:147,0
DA:148,0
DA:150,0
DA:151,0
DA:156,0
DA:157,0
DA:158,0
DA:159,0
DA:162,0
DA:163,0
DA:164,0
DA:165,0
DA:166,0
DA:167,0
DA:168,0
DA:169,0
DA:170,0
DA:171,0
DA:172,0
DA:173,0
DA:175,0
DA:179,0
DA:180,0
DA:181,0
DA:182,0
DA:186,0
DA:187,0
DA:188,0
DA:192,0
DA:194,0
DA:195,0
DA:196,0
DA:197,0
DA:198,0
DA:200,0
DA:201,0
DA:202,0
DA:203,0
DA:204,0
DA:206,0
DA:209,0
DA:210,0
DA:215,0
DA:216,0
DA:219,0
DA:221,0
DA:224,0
DA:227,0
DA:228,0
DA:234,0
DA:235,0
DA:236,0
DA:237,0
DA:240,0
DA:241,0
DA:242,0
DA:246,0
DA:247,0
DA:248,0
DA:251,0
DA:252,0
DA:255,0
DA:258,0
DA:259,0
DA:264,0
DA:267,0
DA:269,0
DA:273,0
DA:275,0
DA:279,0
DA:281,0
DA:282,0
DA:284,0
DA:285,0
DA:287,0
DA:293,0
DA:295,0
DA:299,0
DA:302,0
DA:303,0
DA:310,0
DA:311,0
DA:313,0
DA:314,0
DA:315,0
DA:316,0
DA:318,0
DA:324,0
DA:325,0
DA:326,0
DA:329,0
DA:330,0
DA:339,1
DA:341,1
DA:342,1
DA:344,2
DA:345,1
DA:347,1
DA:348,3
DA:354,1
DA:356,1
DA:358,1
DA:361,0
DA:365,1
DA:368,0
DA:372,1
DA:375,0
DA:379,1
DA:382,0
DA:386,1
DA:389,0
DA:396,2
DA:397,1
DA:399,1
DA:400,3
DA:406,1
DA:407,1
DA:409,1
DA:411,1
DA:413,0
DA:414,0
DA:420,1
DA:422,1
DA:424,0
DA:425,0
DA:431,1
DA:433,1
DA:435,0
DA:436,0
DA:442,1
DA:444,1
DA:446,2
DA:451,1
DA:453,1
DA:455,2
DA:460,1
DA:462,1
DA:464,2
DA:472,1
DA:473,1
DA:474,1
DA:475,1
DA:476,3
DA:478,1
DA:480,1
DA:481,1
DA:483,1
DA:484,1
DA:485,1
DA:486,2
DA:495,0
DA:496,0
DA:497,0
DA:499,1
DA:503,1
DA:504,0
DA:507,0
DA:508,0
DA:509,0
DA:510,0
DA:512,0
DA:513,0
DA:514,0
DA:516,0
DA:520,0
DA:521,0
DA:522,0
DA:523,0
DA:524,0
DA:541,0
DA:542,0
DA:543,0
DA:545,0
DA:546,0
DA:548,0
DA:549,0
DA:551,0
DA:555,0
DA:556,0
DA:557,0
DA:559,0
DA:564,0
DA:569,0
DA:570,0
DA:571,0
DA:573,0
DA:574,0
DA:582,0
DA:583,0
DA:584,0
DA:585,0
DA:587,0
DA:590,0
DA:591,0
DA:592,0
DA:593,0
DA:594,0
DA:596,0
DA:598,0
DA:599,0
DA:600,0
DA:601,0
DA:602,0
DA:608,0
DA:609,0
DA:610,0
DA:620,0
DA:621,0
DA:622,0
DA:624,0
DA:625,0
DA:633,0
DA:634,0
DA:635,0
DA:636,0
DA:638,0
DA:641,0
DA:642,0
DA:643,0
DA:644,0
DA:646,0
DA:648,0
DA:649,0
DA:650,0
DA:651,0
DA:657,0
DA:658,0
DA:659,0
LF:276
LH:73
end_of_record
SF:lib/widgets/character/character_service.dart
DA:8,1
DA:11,1
DA:19,2
DA:24,2
DA:31,4
DA:34,1
DA:35,1
DA:38,1
DA:39,2
DA:40,2
DA:45,1
DA:46,1
DA:47,1
DA:48,1
DA:49,1
DA:52,2
DA:53,3
DA:58,2
DA:64,1
DA:79,2
DA:84,8
DA:85,2
DA:91,1
DA:95,1
DA:99,1
DA:103,2
DA:107,1
DA:108,2
DA:109,2
DA:114,1
DA:118,1
DA:122,1
DA:126,1
DA:131,1
DA:136,1
DA:137,2
DA:139,1
DA:140,2
DA:142,1
DA:143,0
DA:145,1
DA:146,0
DA:148,1
DA:149,0
DA:151,1
DA:152,0
DA:154,1
DA:155,0
DA:157,1
DA:158,0
DA:160,1
DA:161,0
DA:163,1
DA:164,0
DA:170,0
DA:171,0
DA:175,2
DA:181,1
DA:182,2
DA:187,5
DA:190,7
DA:194,3
DA:198,2
DA:204,1
DA:205,2
DA:210,4
DA:211,3
DA:212,0
DA:216,3
DA:219,2
DA:225,1
DA:226,2
DA:231,7
DA:232,2
DA:236,4
DA:240,1
DA:241,2
DA:242,0
DA:245,3
DA:249,1
DA:250,2
DA:254,3
LF:82
LH:70
end_of_record
SF:lib/main.dart
DA:12,0
DA:14,0
DA:15,0
DA:17,0
DA:21,2
DA:23,1
DA:25,1
DA:26,1
DA:27,3
DA:28,3
DA:29,1
DA:30,4
DA:31,1
DA:33,1
DA:34,1
DA:36,3
DA:37,1
DA:38,1
DA:39,1
DA:42,1
DA:43,1
DA:44,1
DA:46,1
DA:47,1
DA:48,1
DA:50,1
DA:51,0
DA:54,0
DA:56,0
DA:61,0
DA:62,0
DA:65,0
DA:66,0
DA:67,0
LF:34
LH:22
end_of_record
SF:lib/screens/game_selection_screen.dart
DA:10,1
DA:12,0
DA:13,0
DA:14,0
DA:28,0
DA:30,0
DA:32,0
DA:34,0
DA:45,1
DA:47,1
DA:48,1
DA:51,1
DA:52,1
DA:55,0
DA:56,0
DA:57,0
DA:65,1
DA:66,1
DA:67,1
DA:73,0
DA:74,0
DA:75,0
DA:76,0
DA:77,0
DA:82,0
DA:83,0
DA:84,0
DA:85,0
DA:87,0
DA:88,0
DA:101,0
DA:104,0
DA:105,0
DA:106,0
DA:113,0
DA:116,0
DA:117,0
DA:118,0
DA:120,0
DA:125,0
DA:126,0
DA:128,0
DA:129,0
DA:130,0
DA:143,0
DA:144,0
DA:145,0
DA:146,0
DA:148,0
DA:150,0
DA:155,0
DA:158,0
DA:159,0
DA:160,0
DA:169,0
DA:170,0
DA:172,0
DA:173,0
DA:174,0
DA:175,0
DA:177,0
DA:179,0
DA:181,0
DA:183,0
DA:184,0
DA:190,0
DA:192,0
DA:194,0
DA:195,0
DA:196,0
DA:198,0
DA:202,0
DA:203,0
DA:204,0
DA:206,0
DA:210,0
DA:211,0
DA:212,0
DA:214,0
DA:219,0
DA:221,0
DA:222,0
DA:224,0
DA:225,0
DA:228,0
DA:230,0
DA:231,0
DA:235,0
DA:237,0
DA:242,0
DA:243,0
DA:245,0
DA:246,0
DA:247,0
DA:256,0
DA:257,0
DA:261,0
DA:263,0
DA:268,0
DA:269,0
DA:271,0
DA:272,0
DA:273,0
DA:291,0
DA:292,0
DA:295,0
DA:301,0
DA:303,0
DA:304,0
DA:306,0
DA:307,0
DA:308,0
DA:309,0
DA:310,0
DA:314,0
DA:315,0
DA:316,0
DA:317,0
DA:319,0
DA:321,0
LF:120
LH:9
end_of_record
SF:lib/screens/loading_screen.dart
DA:15,0
DA:22,0
DA:23,0
DA:56,0
DA:58,0
DA:59,0
DA:62,0
DA:63,0
DA:67,0
DA:69,0
DA:71,0
DA:78,0
DA:86,0
DA:125,0
DA:129,0
DA:131,0
DA:136,0
DA:137,0
DA:141,0
DA:142,0
DA:143,0
DA:147,0
DA:149,0
DA:150,0
DA:151,0
DA:156,0
DA:158,0
DA:159,0
DA:160,0
DA:164,0
DA:165,0
DA:169,0
DA:170,0
DA:174,0
DA:177,0
DA:178,0
DA:179,0
DA:180,0
DA:181,0
DA:186,0
DA:187,0
DA:190,0
DA:191,0
DA:192,0
DA:198,0
DA:199,0
DA:202,0
DA:204,0
DA:206,0
DA:209,0
DA:212,0
DA:214,0
DA:216,0
DA:220,0
DA:221,0
DA:222,0
DA:225,0
DA:226,0
DA:229,0
DA:230,0
DA:234,0
DA:237,0
DA:238,0
DA:242,0
DA:244,0
DA:245,0
DA:251,0
DA:252,0
DA:253,0
DA:257,0
DA:258,0
DA:259,0
DA:262,0
DA:263,0
DA:268,0
DA:269,0
DA:275,0
DA:276,0
DA:279,0
DA:280,0
DA:284,0
DA:285,0
DA:289,0
DA:290,0
DA:294,0
DA:296,0
DA:297,0
DA:301,0
DA:304,0
DA:307,0
DA:308,0
DA:309,0
DA:310,0
DA:311,0
DA:312,0
DA:313,0
DA:321,0
DA:326,0
DA:327,0
DA:328,0
DA:329,0
DA:330,0
DA:333,0
DA:334,0
DA:338,0
DA:340,0
DA:341,0
DA:342,0
DA:343,0
DA:348,0
DA:349,0
LF:111
LH:0
end_of_record
SF:lib/screens/new_game_screen.dart
DA:11,1
DA:13,0
DA:14,0
DA:36,0
DA:38,0
DA:39,0
DA:43,0
DA:49,0
DA:50,0
DA:51,0
DA:52,0
DA:53,0
DA:58,0
DA:65,0
DA:66,0
DA:67,0
DA:68,0
DA:69,0
DA:70,0
DA:74,0
DA:76,0
DA:77,0
DA:80,0
DA:81,0
DA:83,0
DA:85,0
DA:86,0
DA:87,0
DA:88,0
DA:89,0
DA:90,0
DA:91,0
DA:95,0
DA:96,0
DA:100,0
DA:101,0
DA:104,0
DA:106,0
DA:107,0
DA:108,0
DA:109,0
DA:110,0
DA:111,0
DA:116,0
DA:117,0
DA:134,0
DA:137,0
DA:138,0
DA:139,0
DA:140,0
DA:147,0
DA:156,0
DA:160,0
DA:167,0
DA:172,0
DA:173,0
DA:175,0
DA:176,0
DA:177,0
DA:190,0
DA:191,0
DA:192,0
DA:193,0
DA:197,0
DA:198,0
DA:201,0
DA:202,0
DA:204,0
DA:205,0
DA:206,0
DA:207,0
DA:208,0
DA:212,0
DA:213,0
DA:215,0
DA:216,0
DA:219,0
DA:220,0
DA:224,0
DA:225,0
DA:229,0
DA:230,0
DA:236,0
DA:239,0
DA:241,0
DA:243,0
DA:244,0
DA:245,0
DA:246,0
DA:251,0
DA:252,0
DA:255,0
DA:256,0
DA:257,0
DA:258,0
DA:259,0
DA:264,0
DA:265,0
DA:266,0
LF:99
LH:1
end_of_record
SF:lib/widgets/console_text_animation.dart
DA:39,0
DA:53,0
DA:54,0
DA:73,0
DA:75,0
DA:76,0
DA:79,0
DA:81,0
DA:84,0
DA:90,0
DA:92,0
DA:93,0
DA:96,0
DA:98,0
DA:100,0
DA:102,0
DA:103,0
DA:106,0
DA:109,0
DA:111,0
DA:115,0
DA:120,0
DA:121,0
DA:122,0
DA:126,0
DA:129,0
DA:131,0
DA:132,0
DA:135,0
DA:136,0
DA:141,0
DA:142,0
DA:145,0
DA:146,0
DA:147,0
DA:151,0
DA:152,0
DA:153,0
DA:155,0
DA:158,0
DA:161,0
DA:164,0
DA:167,0
DA:168,0
DA:171,0
DA:172,0
DA:176,0
DA:184,0
DA:186,0
DA:189,0
DA:191,0
DA:193,0
DA:194,0
DA:196,0
DA:207,0
DA:208,0
DA:210,0
DA:211,0
DA:221,0
DA:222,0
DA:224,0
DA:233,0
DA:235,0
DA:236,0
DA:243,0
DA:245,0
DA:246,0
DA:247,0
DA:248,0
DA:249,0
DA:252,0
DA:257,0
DA:259,0
DA:260,0
DA:263,0
DA:265,0
DA:266,0
LF:77
LH:0
end_of_record
